Using pre-set license
Built from 'trunk' branch; Version is '2021.1.0a4 (7d39c812e75a) revision 8206792'; Using compiler version '192528614'; Build Type 'Release'
OS: 'Windows 10 Pro; OS build 19043.1237; Version 2009; 64bit' Language: 'en' Physical Memory: 16348 MB
BatchMode: 1, IsHumanControllingUs: 0, StartBugReporterOnCrash: 0, Is64bit: 1, IsPro: 0

 COMMAND LINE ARGUMENTS:
D:\Program Files\2021.1.0a4\Editor\Unity.exe
-adb2
-batchMode
-noUpm
-name
AssetImportWorker0
-projectPath
D:/Unity/LudumDare49
-logFile
Logs/AssetImportWorker0.log
-srvPort
11357
Successfully changed project path to: D:/Unity/LudumDare49
D:/Unity/LudumDare49
Using Asset Import Pipeline V2.
Refreshing native plugins compatible for Editor in 41.96 ms, found 0 plugins.
Preloading 0 native plugins for Editor in 0.00 ms.
Initialize engine version: 2021.1.0a4 (7d39c812e75a)
[Subsystems] Discovering subsystems at path D:/Program Files/2021.1.0a4/Editor/Data/Resources/UnitySubsystems
[Subsystems] Discovering subsystems at path D:/Unity/LudumDare49/Assets
GfxDevice: creating device client; threaded=0; jobified=0
Direct3D:
    Version:  Direct3D 11.0 [level 11.1]
    Renderer: NVIDIA GeForce GTX 1070 (ID=0x1b81)
    Vendor:   
    VRAM:     8088 MB
    Driver:   27.21.14.5671
Initialize mono
Mono path[0] = 'D:/Program Files/2021.1.0a4/Editor/Data/Managed'
Mono path[1] = 'D:/Program Files/2021.1.0a4/Editor/Data/MonoBleedingEdge/lib/mono/unityjit'
Mono config path = 'D:/Program Files/2021.1.0a4/Editor/Data/MonoBleedingEdge/etc'
Using monoOptions --debugger-agent=transport=dt_socket,embedding=1,server=y,suspend=n,address=127.0.0.1:56536
Begin MonoManager ReloadAssembly
Registering precompiled unity dll's ...
Register platform support module: D:/Program Files/2021.1.0a4/Editor/Data/PlaybackEngines/WebGLSupport/UnityEditor.WebGL.Extensions.dll
Register platform support module: D:/Program Files/2021.1.0a4/Editor/Data/PlaybackEngines/WindowsStandaloneSupport/UnityEditor.WindowsStandalone.Extensions.dll
Registered in 0.004501 seconds.
Native extension for WindowsStandalone target not found
Native extension for WebGL target not found
Refreshing native plugins compatible for Editor in 40.30 ms, found 0 plugins.
Preloading 0 native plugins for Editor in 0.00 ms.
Invoked RoslynAnalysisRunner static constructor.
RoslynAnalysisRunner will not be running.
RoslynAnalysisRunner has terminated.
Mono: successfully reloaded assembly
- Completed reload, in  1.197 seconds
Platform modules already initialized, skipping
Registering precompiled user dll's ...
Registered in 0.001836 seconds.
Begin MonoManager ReloadAssembly
Symbol file LoadedFromMemory doesn't match image D:\Unity\LudumDare49\Library\PackageCache\com.unity.ext.nunit@1.0.0\net35\unity-custom\nunit.framework.dll
Native extension for WindowsStandalone target not found
Native extension for WebGL target not found
Refreshing native plugins compatible for Editor in 42.51 ms, found 0 plugins.
Preloading 0 native plugins for Editor in 0.00 ms.
Invoked RoslynAnalysisRunner static constructor.
RoslynAnalysisRunner will not be running.
RoslynAnalysisRunner has terminated.
Mono: successfully reloaded assembly
- Completed reload, in  0.928 seconds
Platform modules already initialized, skipping
========================================================================
Worker process is ready to serve import requests
Shader 'Universal Render Pipeline/Particles/Lit': fallback shader 'Universal Render Pipeline/Particles/SimpleLit' not found
Shader 'Universal Render Pipeline/Particles/Lit': fallback shader 'Universal Render Pipeline/Particles/SimpleLit' not found
Launched and connected shader compiler UnityShaderCompiler.exe after 0.04 seconds
Refreshing native plugins compatible for Editor in 0.39 ms, found 0 plugins.
Preloading 0 native plugins for Editor in 0.00 ms.
Unloading 2540 Unused Serialized files (Serialized files now loaded: 0)
System memory in use before: 331.1 MB.
System memory in use after: 329.4 MB.

Unloading 40 unused Assets to reduce memory usage. Loaded Objects now: 2971.
Total: 3.343100 ms (FindLiveObjects: 0.514000 ms CreateObjectMapping: 0.212000 ms MarkObjects: 1.583200 ms  DeleteObjects: 1.033000 ms)

========================================================================
Received Import Request.
  path: Assets/SCREEN.renderTexture
  artifactKey: Guid(16d066c73ab68564c8b5e0c3cb67956c) Importer(815301076,1909f56bfc062723c751e8b465ee728b)
Start importing Assets/SCREEN.renderTexture using Guid(16d066c73ab68564c8b5e0c3cb67956c) Importer(815301076,1909f56bfc062723c751e8b465ee728b)  -> (artifact id: '9842d2ea4c11621ce6c793f90d8a862b') in 0.095632 seconds 
========================================================================
Received Prepare
Registering precompiled user dll's ...
Registered in 0.003311 seconds.
Begin MonoManager ReloadAssembly
Symbol file LoadedFromMemory doesn't match image D:\Unity\LudumDare49\Library\PackageCache\com.unity.ext.nunit@1.0.0\net35\unity-custom\nunit.framework.dll
Native extension for WindowsStandalone target not found
Native extension for WebGL target not found
Refreshing native plugins compatible for Editor in 0.39 ms, found 0 plugins.
Preloading 0 native plugins for Editor in 0.00 ms.
Invoked RoslynAnalysisRunner static constructor.
RoslynAnalysisRunner will not be running.
RoslynAnalysisRunner has terminated.
Mono: successfully reloaded assembly
- Completed reload, in  0.879 seconds
Platform modules already initialized, skipping
Shader 'Universal Render Pipeline/Particles/Lit': fallback shader 'Universal Render Pipeline/Particles/SimpleLit' not found
Shader 'Universal Render Pipeline/Particles/Lit': fallback shader 'Universal Render Pipeline/Particles/SimpleLit' not found
Refreshing native plugins compatible for Editor in 0.51 ms, found 0 plugins.
Preloading 0 native plugins for Editor in 0.00 ms.
Unloading 2417 Unused Serialized files (Serialized files now loaded: 0)
System memory in use before: 328.5 MB.
System memory in use after: 326.9 MB.

Unloading 35 unused Assets to reduce memory usage. Loaded Objects now: 2993.
Total: 3.852900 ms (FindLiveObjects: 0.658500 ms CreateObjectMapping: 0.327100 ms MarkObjects: 1.911400 ms  DeleteObjects: 0.954900 ms)

========================================================================
Received Import Request.
  Time since last request: 15.310804 seconds.
  path: Assets/SCREEN.renderTexture
  artifactKey: Guid(16d066c73ab68564c8b5e0c3cb67956c) Importer(815301076,1909f56bfc062723c751e8b465ee728b)
Start importing Assets/SCREEN.renderTexture using Guid(16d066c73ab68564c8b5e0c3cb67956c) Importer(815301076,1909f56bfc062723c751e8b465ee728b)  -> (artifact id: 'aeb387df677a71421e4b9e1cd0c10354') in 0.047139 seconds 
========================================================================
Received Prepare
Registering precompiled user dll's ...
Registered in 0.001912 seconds.
Begin MonoManager ReloadAssembly
Symbol file LoadedFromMemory doesn't match image D:\Unity\LudumDare49\Library\PackageCache\com.unity.ext.nunit@1.0.0\net35\unity-custom\nunit.framework.dll
Native extension for WindowsStandalone target not found
Native extension for WebGL target not found
Refreshing native plugins compatible for Editor in 0.44 ms, found 0 plugins.
Preloading 0 native plugins for Editor in 0.00 ms.
Invoked RoslynAnalysisRunner static constructor.
RoslynAnalysisRunner will not be running.
RoslynAnalysisRunner has terminated.
Mono: successfully reloaded assembly
- Completed reload, in  0.843 seconds
Platform modules already initialized, skipping
Shader 'Universal Render Pipeline/Particles/Lit': fallback shader 'Universal Render Pipeline/Particles/SimpleLit' not found
Shader 'Universal Render Pipeline/Particles/Lit': fallback shader 'Universal Render Pipeline/Particles/SimpleLit' not found
Refreshing native plugins compatible for Editor in 0.39 ms, found 0 plugins.
Preloading 0 native plugins for Editor in 0.00 ms.
Unloading 2417 Unused Serialized files (Serialized files now loaded: 0)
System memory in use before: 329.0 MB.
System memory in use after: 327.3 MB.

Unloading 35 unused Assets to reduce memory usage. Loaded Objects now: 3011.
Total: 3.745200 ms (FindLiveObjects: 0.421600 ms CreateObjectMapping: 0.250000 ms MarkObjects: 1.963200 ms  DeleteObjects: 1.109400 ms)

========================================================================
Received Import Request.
  Time since last request: 31.554186 seconds.
  path: Assets/SCREEN.renderTexture
  artifactKey: Guid(16d066c73ab68564c8b5e0c3cb67956c) Importer(815301076,1909f56bfc062723c751e8b465ee728b)
Start importing Assets/SCREEN.renderTexture using Guid(16d066c73ab68564c8b5e0c3cb67956c) Importer(815301076,1909f56bfc062723c751e8b465ee728b)  -> (artifact id: '055e6bb2d427ed7043f1ddbf7d4b4b86') in 0.042284 seconds 
========================================================================
Received Prepare
Registering precompiled user dll's ...
Registered in 0.001904 seconds.
Begin MonoManager ReloadAssembly
Symbol file LoadedFromMemory doesn't match image D:\Unity\LudumDare49\Library\PackageCache\com.unity.ext.nunit@1.0.0\net35\unity-custom\nunit.framework.dll
Native extension for WindowsStandalone target not found
Native extension for WebGL target not found
Refreshing native plugins compatible for Editor in 0.81 ms, found 0 plugins.
Preloading 0 native plugins for Editor in 0.00 ms.
Invoked RoslynAnalysisRunner static constructor.
RoslynAnalysisRunner will not be running.
RoslynAnalysisRunner has terminated.
Mono: successfully reloaded assembly
- Completed reload, in  0.917 seconds
Platform modules already initialized, skipping
Shader 'Universal Render Pipeline/Particles/Lit': fallback shader 'Universal Render Pipeline/Particles/SimpleLit' not found
Shader 'Universal Render Pipeline/Particles/Lit': fallback shader 'Universal Render Pipeline/Particles/SimpleLit' not found
Refreshing native plugins compatible for Editor in 0.41 ms, found 0 plugins.
Preloading 0 native plugins for Editor in 0.00 ms.
Unloading 2417 Unused Serialized files (Serialized files now loaded: 0)
System memory in use before: 329.4 MB.
System memory in use after: 327.7 MB.

Unloading 35 unused Assets to reduce memory usage. Loaded Objects now: 3029.
Total: 3.449300 ms (FindLiveObjects: 0.411900 ms CreateObjectMapping: 0.237100 ms MarkObjects: 1.735500 ms  DeleteObjects: 1.063900 ms)

========================================================================
Received Import Request.
  Time since last request: 82.611030 seconds.
  path: Assets/SCREEN.renderTexture
  artifactKey: Guid(16d066c73ab68564c8b5e0c3cb67956c) Importer(815301076,1909f56bfc062723c751e8b465ee728b)
Start importing Assets/SCREEN.renderTexture using Guid(16d066c73ab68564c8b5e0c3cb67956c) Importer(815301076,1909f56bfc062723c751e8b465ee728b)  -> (artifact id: '533f96991a2e05c4f99339a9910f5418') in 0.044454 seconds 
========================================================================
Received Prepare
Registering precompiled user dll's ...
Registered in 0.002071 seconds.
Begin MonoManager ReloadAssembly
Symbol file LoadedFromMemory doesn't match image D:\Unity\LudumDare49\Library\PackageCache\com.unity.ext.nunit@1.0.0\net35\unity-custom\nunit.framework.dll
Native extension for WindowsStandalone target not found
Native extension for WebGL target not found
Refreshing native plugins compatible for Editor in 0.45 ms, found 0 plugins.
Preloading 0 native plugins for Editor in 0.00 ms.
Invoked RoslynAnalysisRunner static constructor.
RoslynAnalysisRunner will not be running.
RoslynAnalysisRunner has terminated.
Mono: successfully reloaded assembly
- Completed reload, in  0.865 seconds
Platform modules already initialized, skipping
Shader 'Universal Render Pipeline/Particles/Lit': fallback shader 'Universal Render Pipeline/Particles/SimpleLit' not found
Shader 'Universal Render Pipeline/Particles/Lit': fallback shader 'Universal Render Pipeline/Particles/SimpleLit' not found
Refreshing native plugins compatible for Editor in 0.49 ms, found 0 plugins.
Preloading 0 native plugins for Editor in 0.00 ms.
Unloading 2417 Unused Serialized files (Serialized files now loaded: 0)
System memory in use before: 329.8 MB.
System memory in use after: 328.2 MB.

Unloading 35 unused Assets to reduce memory usage. Loaded Objects now: 3047.
Total: 5.007600 ms (FindLiveObjects: 0.741700 ms CreateObjectMapping: 0.265800 ms MarkObjects: 2.817600 ms  DeleteObjects: 1.181100 ms)

========================================================================
Received Import Request.
  Time since last request: 192.590220 seconds.
  path: Assets/SCREEN.renderTexture
  artifactKey: Guid(16d066c73ab68564c8b5e0c3cb67956c) Importer(815301076,1909f56bfc062723c751e8b465ee728b)
Start importing Assets/SCREEN.renderTexture using Guid(16d066c73ab68564c8b5e0c3cb67956c) Importer(815301076,1909f56bfc062723c751e8b465ee728b)  -> (artifact id: 'fa9348d5ed99f7f853c2d4a4b6efea74') in 0.049767 seconds 
========================================================================
Received Prepare
Registering precompiled user dll's ...
Registered in 0.001841 seconds.
Begin MonoManager ReloadAssembly
Symbol file LoadedFromMemory doesn't match image D:\Unity\LudumDare49\Library\PackageCache\com.unity.ext.nunit@1.0.0\net35\unity-custom\nunit.framework.dll
Native extension for WindowsStandalone target not found
Native extension for WebGL target not found
Refreshing native plugins compatible for Editor in 0.38 ms, found 0 plugins.
Preloading 0 native plugins for Editor in 0.00 ms.
Invoked RoslynAnalysisRunner static constructor.
RoslynAnalysisRunner will not be running.
RoslynAnalysisRunner has terminated.
Mono: successfully reloaded assembly
- Completed reload, in  0.857 seconds
Platform modules already initialized, skipping
Shader 'Universal Render Pipeline/Particles/Lit': fallback shader 'Universal Render Pipeline/Particles/SimpleLit' not found
Shader 'Universal Render Pipeline/Particles/Lit': fallback shader 'Universal Render Pipeline/Particles/SimpleLit' not found
Refreshing native plugins compatible for Editor in 0.54 ms, found 0 plugins.
Preloading 0 native plugins for Editor in 0.00 ms.
Unloading 2417 Unused Serialized files (Serialized files now loaded: 0)
System memory in use before: 330.3 MB.
System memory in use after: 328.6 MB.

Unloading 35 unused Assets to reduce memory usage. Loaded Objects now: 3064.
Total: 3.394100 ms (FindLiveObjects: 0.377200 ms CreateObjectMapping: 0.186900 ms MarkObjects: 1.735400 ms  DeleteObjects: 1.093700 ms)

========================================================================
Received Import Request.
  Time since last request: 36.713866 seconds.
  path: Assets/SCREEN.renderTexture
  artifactKey: Guid(16d066c73ab68564c8b5e0c3cb67956c) Importer(815301076,1909f56bfc062723c751e8b465ee728b)
Start importing Assets/SCREEN.renderTexture using Guid(16d066c73ab68564c8b5e0c3cb67956c) Importer(815301076,1909f56bfc062723c751e8b465ee728b)  -> (artifact id: 'c9569bab98c5c38ee300b41f1d9b811e') in 0.036730 seconds 
========================================================================
Received Prepare
Registering precompiled user dll's ...
Registered in 0.002535 seconds.
Begin MonoManager ReloadAssembly
Symbol file LoadedFromMemory doesn't match image D:\Unity\LudumDare49\Library\PackageCache\com.unity.ext.nunit@1.0.0\net35\unity-custom\nunit.framework.dll
Native extension for WindowsStandalone target not found
Native extension for WebGL target not found
Refreshing native plugins compatible for Editor in 0.72 ms, found 0 plugins.
Preloading 0 native plugins for Editor in 0.00 ms.
Invoked RoslynAnalysisRunner static constructor.
RoslynAnalysisRunner will not be running.
RoslynAnalysisRunner has terminated.
Mono: successfully reloaded assembly
- Completed reload, in  1.248 seconds
Platform modules already initialized, skipping
Shader 'Universal Render Pipeline/Particles/Lit': fallback shader 'Universal Render Pipeline/Particles/SimpleLit' not found
Shader 'Universal Render Pipeline/Particles/Lit': fallback shader 'Universal Render Pipeline/Particles/SimpleLit' not found
Refreshing native plugins compatible for Editor in 0.65 ms, found 0 plugins.
Preloading 0 native plugins for Editor in 0.00 ms.
Unloading 2417 Unused Serialized files (Serialized files now loaded: 0)
System memory in use before: 330.6 MB.
System memory in use after: 329.0 MB.

Unloading 35 unused Assets to reduce memory usage. Loaded Objects now: 3081.
Total: 4.019800 ms (FindLiveObjects: 0.520700 ms CreateObjectMapping: 0.312100 ms MarkObjects: 1.733100 ms  DeleteObjects: 1.451600 ms)

========================================================================
Received Prepare
Registering precompiled user dll's ...
Registered in 0.001856 seconds.
Begin MonoManager ReloadAssembly
Symbol file LoadedFromMemory doesn't match image D:\Unity\LudumDare49\Library\PackageCache\com.unity.ext.nunit@1.0.0\net35\unity-custom\nunit.framework.dll
Native extension for WindowsStandalone target not found
Native extension for WebGL target not found
Refreshing native plugins compatible for Editor in 0.40 ms, found 0 plugins.
Preloading 0 native plugins for Editor in 0.00 ms.
Invoked RoslynAnalysisRunner static constructor.
RoslynAnalysisRunner will not be running.
RoslynAnalysisRunner has terminated.
Mono: successfully reloaded assembly
- Completed reload, in  0.922 seconds
Platform modules already initialized, skipping
Shader 'Universal Render Pipeline/Particles/Lit': fallback shader 'Universal Render Pipeline/Particles/SimpleLit' not found
Shader 'Universal Render Pipeline/Particles/Lit': fallback shader 'Universal Render Pipeline/Particles/SimpleLit' not found
Refreshing native plugins compatible for Editor in 0.63 ms, found 0 plugins.
Preloading 0 native plugins for Editor in 0.00 ms.
Unloading 2416 Unused Serialized files (Serialized files now loaded: 0)
System memory in use before: 330.6 MB.
System memory in use after: 329.0 MB.

Unloading 35 unused Assets to reduce memory usage. Loaded Objects now: 3083.
Total: 3.667800 ms (FindLiveObjects: 0.569100 ms CreateObjectMapping: 0.253300 ms MarkObjects: 1.728200 ms  DeleteObjects: 1.116200 ms)

========================================================================
Received Import Request.
  Time since last request: 638.238526 seconds.
  path: Assets/SCREEN.renderTexture
  artifactKey: Guid(16d066c73ab68564c8b5e0c3cb67956c) Importer(815301076,1909f56bfc062723c751e8b465ee728b)
Start importing Assets/SCREEN.renderTexture using Guid(16d066c73ab68564c8b5e0c3cb67956c) Importer(815301076,1909f56bfc062723c751e8b465ee728b)  -> (artifact id: '362a2d19738a8c2b3c3fdde6abe250dc') in 0.032760 seconds 
========================================================================
Received Prepare
Registering precompiled user dll's ...
Registered in 0.001780 seconds.
Begin MonoManager ReloadAssembly
Symbol file LoadedFromMemory doesn't match image D:\Unity\LudumDare49\Library\PackageCache\com.unity.ext.nunit@1.0.0\net35\unity-custom\nunit.framework.dll
Native extension for WindowsStandalone target not found
Native extension for WebGL target not found
Refreshing native plugins compatible for Editor in 0.39 ms, found 0 plugins.
Preloading 0 native plugins for Editor in 0.00 ms.
Invoked RoslynAnalysisRunner static constructor.
RoslynAnalysisRunner will not be running.
RoslynAnalysisRunner has terminated.
Mono: successfully reloaded assembly
- Completed reload, in  0.895 seconds
Platform modules already initialized, skipping
Shader 'Universal Render Pipeline/Particles/Lit': fallback shader 'Universal Render Pipeline/Particles/SimpleLit' not found
Shader 'Universal Render Pipeline/Particles/Lit': fallback shader 'Universal Render Pipeline/Particles/SimpleLit' not found
Refreshing native plugins compatible for Editor in 0.40 ms, found 0 plugins.
Preloading 0 native plugins for Editor in 0.00 ms.
Unloading 2417 Unused Serialized files (Serialized files now loaded: 0)
System memory in use before: 331.1 MB.
System memory in use after: 329.4 MB.

Unloading 35 unused Assets to reduce memory usage. Loaded Objects now: 3101.
Total: 3.686600 ms (FindLiveObjects: 0.508900 ms CreateObjectMapping: 0.234700 ms MarkObjects: 1.833400 ms  DeleteObjects: 1.108500 ms)

========================================================================
Received Import Request.
  Time since last request: 36.731162 seconds.
  path: Assets/SCREEN.renderTexture
  artifactKey: Guid(16d066c73ab68564c8b5e0c3cb67956c) Importer(815301076,1909f56bfc062723c751e8b465ee728b)
Start importing Assets/SCREEN.renderTexture using Guid(16d066c73ab68564c8b5e0c3cb67956c) Importer(815301076,1909f56bfc062723c751e8b465ee728b)  -> (artifact id: 'b23e8cb3726597d612a8585587df809a') in 0.042617 seconds 
========================================================================
Received Prepare
Registering precompiled user dll's ...
Registered in 0.001876 seconds.
Begin MonoManager ReloadAssembly
Symbol file LoadedFromMemory doesn't match image D:\Unity\LudumDare49\Library\PackageCache\com.unity.ext.nunit@1.0.0\net35\unity-custom\nunit.framework.dll
Native extension for WindowsStandalone target not found
Native extension for WebGL target not found
Refreshing native plugins compatible for Editor in 0.41 ms, found 0 plugins.
Preloading 0 native plugins for Editor in 0.00 ms.
Invoked RoslynAnalysisRunner static constructor.
RoslynAnalysisRunner will not be running.
RoslynAnalysisRunner has terminated.
Mono: successfully reloaded assembly
- Completed reload, in  1.037 seconds
Platform modules already initialized, skipping
Shader 'Universal Render Pipeline/Particles/Lit': fallback shader 'Universal Render Pipeline/Particles/SimpleLit' not found
Shader 'Universal Render Pipeline/Particles/Lit': fallback shader 'Universal Render Pipeline/Particles/SimpleLit' not found
Refreshing native plugins compatible for Editor in 0.49 ms, found 0 plugins.
Preloading 0 native plugins for Editor in 0.00 ms.
Unloading 2417 Unused Serialized files (Serialized files now loaded: 0)
System memory in use before: 331.5 MB.
System memory in use after: 329.8 MB.

Unloading 35 unused Assets to reduce memory usage. Loaded Objects now: 3118.
Total: 4.163800 ms (FindLiveObjects: 0.477400 ms CreateObjectMapping: 0.275300 ms MarkObjects: 1.776200 ms  DeleteObjects: 1.633600 ms)

========================================================================
Received Prepare
Registering precompiled user dll's ...
Registered in 0.016224 seconds.
Begin MonoManager ReloadAssembly
Symbol file LoadedFromMemory doesn't match image D:\Unity\LudumDare49\Library\PackageCache\com.unity.ext.nunit@1.0.0\net35\unity-custom\nunit.framework.dll
Native extension for WindowsStandalone target not found
Native extension for WebGL target not found
Refreshing native plugins compatible for Editor in 0.67 ms, found 0 plugins.
Preloading 0 native plugins for Editor in 0.00 ms.
Invoked RoslynAnalysisRunner static constructor.
RoslynAnalysisRunner will not be running.
RoslynAnalysisRunner has terminated.
Mono: successfully reloaded assembly
- Completed reload, in  1.822 seconds
Platform modules already initialized, skipping
Shader 'Universal Render Pipeline/Particles/Lit': fallback shader 'Universal Render Pipeline/Particles/SimpleLit' not found
Shader 'Universal Render Pipeline/Particles/Lit': fallback shader 'Universal Render Pipeline/Particles/SimpleLit' not found
Refreshing native plugins compatible for Editor in 0.48 ms, found 0 plugins.
Preloading 0 native plugins for Editor in 0.00 ms.
Unloading 2416 Unused Serialized files (Serialized files now loaded: 0)
System memory in use before: 331.5 MB.
System memory in use after: 329.8 MB.

Unloading 35 unused Assets to reduce memory usage. Loaded Objects now: 3120.
Total: 4.040000 ms (FindLiveObjects: 0.569500 ms CreateObjectMapping: 0.230900 ms MarkObjects: 1.980900 ms  DeleteObjects: 1.257900 ms)

========================================================================
Received Prepare
Registering precompiled user dll's ...
Registered in 0.001894 seconds.
Begin MonoManager ReloadAssembly
Symbol file LoadedFromMemory doesn't match image D:\Unity\LudumDare49\Library\PackageCache\com.unity.ext.nunit@1.0.0\net35\unity-custom\nunit.framework.dll
Native extension for WindowsStandalone target not found
Native extension for WebGL target not found
Refreshing native plugins compatible for Editor in 0.39 ms, found 0 plugins.
Preloading 0 native plugins for Editor in 0.00 ms.
Invoked RoslynAnalysisRunner static constructor.
RoslynAnalysisRunner will not be running.
RoslynAnalysisRunner has terminated.
Mono: successfully reloaded assembly
- Completed reload, in  0.993 seconds
Platform modules already initialized, skipping
Shader 'Universal Render Pipeline/Particles/Lit': fallback shader 'Universal Render Pipeline/Particles/SimpleLit' not found
Shader 'Universal Render Pipeline/Particles/Lit': fallback shader 'Universal Render Pipeline/Particles/SimpleLit' not found
Refreshing native plugins compatible for Editor in 0.40 ms, found 0 plugins.
Preloading 0 native plugins for Editor in 0.00 ms.
Unloading 2416 Unused Serialized files (Serialized files now loaded: 0)
System memory in use before: 331.5 MB.
System memory in use after: 329.8 MB.

Unloading 35 unused Assets to reduce memory usage. Loaded Objects now: 3122.
Total: 3.761500 ms (FindLiveObjects: 0.491700 ms CreateObjectMapping: 0.255800 ms MarkObjects: 1.861500 ms  DeleteObjects: 1.151200 ms)

========================================================================
Received Prepare
Registering precompiled user dll's ...
Registered in 0.002736 seconds.
Begin MonoManager ReloadAssembly
Symbol file LoadedFromMemory doesn't match image D:\Unity\LudumDare49\Library\PackageCache\com.unity.ext.nunit@1.0.0\net35\unity-custom\nunit.framework.dll
Native extension for WindowsStandalone target not found
Native extension for WebGL target not found
Refreshing native plugins compatible for Editor in 0.39 ms, found 0 plugins.
Preloading 0 native plugins for Editor in 0.00 ms.
Invoked RoslynAnalysisRunner static constructor.
RoslynAnalysisRunner will not be running.
RoslynAnalysisRunner has terminated.
Mono: successfully reloaded assembly
- Completed reload, in  0.832 seconds
Platform modules already initialized, skipping
Shader 'Universal Render Pipeline/Particles/Lit': fallback shader 'Universal Render Pipeline/Particles/SimpleLit' not found
Shader 'Universal Render Pipeline/Particles/Lit': fallback shader 'Universal Render Pipeline/Particles/SimpleLit' not found
Refreshing native plugins compatible for Editor in 0.40 ms, found 0 plugins.
Preloading 0 native plugins for Editor in 0.00 ms.
Unloading 2416 Unused Serialized files (Serialized files now loaded: 0)
System memory in use before: 331.5 MB.
System memory in use after: 329.8 MB.

Unloading 35 unused Assets to reduce memory usage. Loaded Objects now: 3124.
Total: 3.776300 ms (FindLiveObjects: 0.425200 ms CreateObjectMapping: 0.216000 ms MarkObjects: 1.978300 ms  DeleteObjects: 1.155900 ms)

========================================================================
Received Prepare
Registering precompiled user dll's ...
Registered in 0.002003 seconds.
Begin MonoManager ReloadAssembly
Symbol file LoadedFromMemory doesn't match image D:\Unity\LudumDare49\Library\PackageCache\com.unity.ext.nunit@1.0.0\net35\unity-custom\nunit.framework.dll
Native extension for WindowsStandalone target not found
Native extension for WebGL target not found
Refreshing native plugins compatible for Editor in 0.42 ms, found 0 plugins.
Preloading 0 native plugins for Editor in 0.00 ms.
Invoked RoslynAnalysisRunner static constructor.
RoslynAnalysisRunner will not be running.
RoslynAnalysisRunner has terminated.
Mono: successfully reloaded assembly
- Completed reload, in  0.839 seconds
Platform modules already initialized, skipping
Shader 'Universal Render Pipeline/Particles/Lit': fallback shader 'Universal Render Pipeline/Particles/SimpleLit' not found
Shader 'Universal Render Pipeline/Particles/Lit': fallback shader 'Universal Render Pipeline/Particles/SimpleLit' not found
Refreshing native plugins compatible for Editor in 0.39 ms, found 0 plugins.
Preloading 0 native plugins for Editor in 0.00 ms.
Unloading 2416 Unused Serialized files (Serialized files now loaded: 0)
System memory in use before: 331.5 MB.
System memory in use after: 329.8 MB.

Unloading 35 unused Assets to reduce memory usage. Loaded Objects now: 3126.
Total: 3.626800 ms (FindLiveObjects: 0.481200 ms CreateObjectMapping: 0.216600 ms MarkObjects: 1.798800 ms  DeleteObjects: 1.128800 ms)

========================================================================
Received Prepare
Registering precompiled user dll's ...
Registered in 0.001886 seconds.
Begin MonoManager ReloadAssembly
Symbol file LoadedFromMemory doesn't match image D:\Unity\LudumDare49\Library\PackageCache\com.unity.ext.nunit@1.0.0\net35\unity-custom\nunit.framework.dll
Native extension for WindowsStandalone target not found
Native extension for WebGL target not found
Refreshing native plugins compatible for Editor in 0.39 ms, found 0 plugins.
Preloading 0 native plugins for Editor in 0.00 ms.
Invoked RoslynAnalysisRunner static constructor.
RoslynAnalysisRunner will not be running.
RoslynAnalysisRunner has terminated.
Mono: successfully reloaded assembly
- Completed reload, in  0.823 seconds
Platform modules already initialized, skipping
Shader 'Universal Render Pipeline/Particles/Lit': fallback shader 'Universal Render Pipeline/Particles/SimpleLit' not found
Shader 'Universal Render Pipeline/Particles/Lit': fallback shader 'Universal Render Pipeline/Particles/SimpleLit' not found
Refreshing native plugins compatible for Editor in 0.48 ms, found 0 plugins.
Preloading 0 native plugins for Editor in 0.00 ms.
Unloading 2416 Unused Serialized files (Serialized files now loaded: 0)
System memory in use before: 331.5 MB.
System memory in use after: 329.8 MB.

Unloading 35 unused Assets to reduce memory usage. Loaded Objects now: 3128.
Total: 3.853300 ms (FindLiveObjects: 0.478400 ms CreateObjectMapping: 0.235100 ms MarkObjects: 1.984000 ms  DeleteObjects: 1.154500 ms)

========================================================================
Received Import Request.
  Time since last request: 833.848138 seconds.
  path: Assets/New Material.mat
  artifactKey: Guid(51194a28ba1c004498ed6e9b270d12a3) Importer(815301076,1909f56bfc062723c751e8b465ee728b)
Start importing Assets/New Material.mat using Guid(51194a28ba1c004498ed6e9b270d12a3) Importer(815301076,1909f56bfc062723c751e8b465ee728b)  -> (artifact id: 'b9756594cd1563c07e2485b243c8d8fc') in 0.356289 seconds 
========================================================================
Received Prepare
Registering precompiled user dll's ...
Registered in 0.001844 seconds.
Begin MonoManager ReloadAssembly
Symbol file LoadedFromMemory doesn't match image D:\Unity\LudumDare49\Library\PackageCache\com.unity.ext.nunit@1.0.0\net35\unity-custom\nunit.framework.dll
Native extension for WindowsStandalone target not found
Native extension for WebGL target not found
Refreshing native plugins compatible for Editor in 0.63 ms, found 0 plugins.
Preloading 0 native plugins for Editor in 0.00 ms.
Invoked RoslynAnalysisRunner static constructor.
RoslynAnalysisRunner will not be running.
RoslynAnalysisRunner has terminated.
Mono: successfully reloaded assembly
- Completed reload, in  0.922 seconds
Platform modules already initialized, skipping
Shader 'Universal Render Pipeline/Particles/Lit': fallback shader 'Universal Render Pipeline/Particles/SimpleLit' not found
Shader 'Universal Render Pipeline/Particles/Lit': fallback shader 'Universal Render Pipeline/Particles/SimpleLit' not found
Refreshing native plugins compatible for Editor in 0.41 ms, found 0 plugins.
Preloading 0 native plugins for Editor in 0.00 ms.
Unloading 2416 Unused Serialized files (Serialized files now loaded: 0)
System memory in use before: 334.2 MB.
System memory in use after: 332.5 MB.

Unloading 35 unused Assets to reduce memory usage. Loaded Objects now: 3207.
Total: 3.719400 ms (FindLiveObjects: 0.468600 ms CreateObjectMapping: 0.197700 ms MarkObjects: 1.922400 ms  DeleteObjects: 1.130000 ms)

========================================================================
Received Import Request.
  Time since last request: 29.506202 seconds.
  path: Assets/New Material.mat
  artifactKey: Guid(51194a28ba1c004498ed6e9b270d12a3) Importer(815301076,1909f56bfc062723c751e8b465ee728b)
Start importing Assets/New Material.mat using Guid(51194a28ba1c004498ed6e9b270d12a3) Importer(815301076,1909f56bfc062723c751e8b465ee728b)  -> (artifact id: '4b068b7cc7966e73c8dd19a3b461ba2d') in 0.142106 seconds 
========================================================================
Received Prepare
Registering precompiled user dll's ...
Registered in 0.001901 seconds.
Begin MonoManager ReloadAssembly
Symbol file LoadedFromMemory doesn't match image D:\Unity\LudumDare49\Library\PackageCache\com.unity.ext.nunit@1.0.0\net35\unity-custom\nunit.framework.dll
Native extension for WindowsStandalone target not found
Native extension for WebGL target not found
Refreshing native plugins compatible for Editor in 0.64 ms, found 0 plugins.
Preloading 0 native plugins for Editor in 0.00 ms.
Invoked RoslynAnalysisRunner static constructor.
RoslynAnalysisRunner will not be running.
RoslynAnalysisRunner has terminated.
Mono: successfully reloaded assembly
- Completed reload, in  0.890 seconds
Platform modules already initialized, skipping
Shader 'Universal Render Pipeline/Particles/Lit': fallback shader 'Universal Render Pipeline/Particles/SimpleLit' not found
Shader 'Universal Render Pipeline/Particles/Lit': fallback shader 'Universal Render Pipeline/Particles/SimpleLit' not found
Refreshing native plugins compatible for Editor in 0.38 ms, found 0 plugins.
Preloading 0 native plugins for Editor in 0.00 ms.
Unloading 2416 Unused Serialized files (Serialized files now loaded: 0)
System memory in use before: 334.3 MB.
System memory in use after: 332.6 MB.

Unloading 35 unused Assets to reduce memory usage. Loaded Objects now: 3245.
Total: 3.731500 ms (FindLiveObjects: 0.412300 ms CreateObjectMapping: 0.209500 ms MarkObjects: 1.913000 ms  DeleteObjects: 1.195700 ms)

========================================================================
Received Prepare
Registering precompiled user dll's ...
Registered in 0.001859 seconds.
Begin MonoManager ReloadAssembly
Symbol file LoadedFromMemory doesn't match image D:\Unity\LudumDare49\Library\PackageCache\com.unity.ext.nunit@1.0.0\net35\unity-custom\nunit.framework.dll
Native extension for WindowsStandalone target not found
Native extension for WebGL target not found
Refreshing native plugins compatible for Editor in 0.39 ms, found 0 plugins.
Preloading 0 native plugins for Editor in 0.00 ms.
Invoked RoslynAnalysisRunner static constructor.
RoslynAnalysisRunner will not be running.
RoslynAnalysisRunner has terminated.
Mono: successfully reloaded assembly
- Completed reload, in  0.872 seconds
Platform modules already initialized, skipping
Shader 'Universal Render Pipeline/Particles/Lit': fallback shader 'Universal Render Pipeline/Particles/SimpleLit' not found
Shader 'Universal Render Pipeline/Particles/Lit': fallback shader 'Universal Render Pipeline/Particles/SimpleLit' not found
Refreshing native plugins compatible for Editor in 0.40 ms, found 0 plugins.
Preloading 0 native plugins for Editor in 0.00 ms.
Unloading 2416 Unused Serialized files (Serialized files now loaded: 0)
System memory in use before: 334.3 MB.
System memory in use after: 332.6 MB.

Unloading 35 unused Assets to reduce memory usage. Loaded Objects now: 3247.
Total: 3.507800 ms (FindLiveObjects: 0.414000 ms CreateObjectMapping: 0.200600 ms MarkObjects: 1.768900 ms  DeleteObjects: 1.122800 ms)

========================================================================
Received Prepare
Registering precompiled user dll's ...
Registered in 0.001880 seconds.
Begin MonoManager ReloadAssembly
Symbol file LoadedFromMemory doesn't match image D:\Unity\LudumDare49\Library\PackageCache\com.unity.ext.nunit@1.0.0\net35\unity-custom\nunit.framework.dll
Native extension for WindowsStandalone target not found
Native extension for WebGL target not found
Refreshing native plugins compatible for Editor in 0.42 ms, found 0 plugins.
Preloading 0 native plugins for Editor in 0.00 ms.
Invoked RoslynAnalysisRunner static constructor.
RoslynAnalysisRunner will not be running.
RoslynAnalysisRunner has terminated.
Mono: successfully reloaded assembly
- Completed reload, in  0.928 seconds
Platform modules already initialized, skipping
Shader 'Universal Render Pipeline/Particles/Lit': fallback shader 'Universal Render Pipeline/Particles/SimpleLit' not found
Shader 'Universal Render Pipeline/Particles/Lit': fallback shader 'Universal Render Pipeline/Particles/SimpleLit' not found
Refreshing native plugins compatible for Editor in 0.39 ms, found 0 plugins.
Preloading 0 native plugins for Editor in 0.00 ms.
Unloading 2416 Unused Serialized files (Serialized files now loaded: 0)
System memory in use before: 334.2 MB.
System memory in use after: 332.5 MB.

Unloading 35 unused Assets to reduce memory usage. Loaded Objects now: 3249.
Total: 4.564700 ms (FindLiveObjects: 0.723500 ms CreateObjectMapping: 0.237800 ms MarkObjects: 2.363300 ms  DeleteObjects: 1.238600 ms)

========================================================================
Received Prepare
Registering precompiled user dll's ...
Registered in 0.001848 seconds.
Begin MonoManager ReloadAssembly
Symbol file LoadedFromMemory doesn't match image D:\Unity\LudumDare49\Library\PackageCache\com.unity.ext.nunit@1.0.0\net35\unity-custom\nunit.framework.dll
Native extension for WindowsStandalone target not found
Native extension for WebGL target not found
Refreshing native plugins compatible for Editor in 0.44 ms, found 0 plugins.
Preloading 0 native plugins for Editor in 0.00 ms.
Invoked RoslynAnalysisRunner static constructor.
RoslynAnalysisRunner will not be running.
RoslynAnalysisRunner has terminated.
Mono: successfully reloaded assembly
- Completed reload, in  0.976 seconds
Platform modules already initialized, skipping
Shader 'Universal Render Pipeline/Particles/Lit': fallback shader 'Universal Render Pipeline/Particles/SimpleLit' not found
Shader 'Universal Render Pipeline/Particles/Lit': fallback shader 'Universal Render Pipeline/Particles/SimpleLit' not found
Refreshing native plugins compatible for Editor in 0.42 ms, found 0 plugins.
Preloading 0 native plugins for Editor in 0.00 ms.
Unloading 2416 Unused Serialized files (Serialized files now loaded: 0)
System memory in use before: 334.2 MB.
System memory in use after: 332.5 MB.

Unloading 35 unused Assets to reduce memory usage. Loaded Objects now: 3251.
Total: 3.774100 ms (FindLiveObjects: 0.435500 ms CreateObjectMapping: 0.210300 ms MarkObjects: 1.946700 ms  DeleteObjects: 1.180000 ms)

========================================================================
Received Import Request.
  Time since last request: 464.880596 seconds.
  path: Assets/UI/Codec.png
  artifactKey: Guid(cdfe88eeeddb0bd41a9a30569170b374) Importer(815301076,1909f56bfc062723c751e8b465ee728b)
Start importing Assets/UI/Codec.png using Guid(cdfe88eeeddb0bd41a9a30569170b374) Importer(815301076,1909f56bfc062723c751e8b465ee728b)  -> (artifact id: '4a6f00972225833f72dcfaa84388574f') in 0.096393 seconds 
========================================================================
Received Import Request.
  Time since last request: 11.036196 seconds.
  path: Assets/UI/Codec.png
  artifactKey: Guid(cdfe88eeeddb0bd41a9a30569170b374) Importer(815301076,1909f56bfc062723c751e8b465ee728b)
Start importing Assets/UI/Codec.png using Guid(cdfe88eeeddb0bd41a9a30569170b374) Importer(815301076,1909f56bfc062723c751e8b465ee728b)  -> (artifact id: 'bbc81663e5c2f77b15313bc0e5faf380') in 0.084005 seconds 
========================================================================
Received Prepare
Registering precompiled user dll's ...
Registered in 0.001846 seconds.
Begin MonoManager ReloadAssembly
Symbol file LoadedFromMemory doesn't match image D:\Unity\LudumDare49\Library\PackageCache\com.unity.ext.nunit@1.0.0\net35\unity-custom\nunit.framework.dll
Native extension for WindowsStandalone target not found
Native extension for WebGL target not found
Refreshing native plugins compatible for Editor in 0.39 ms, found 0 plugins.
Preloading 0 native plugins for Editor in 0.00 ms.
Invoked RoslynAnalysisRunner static constructor.
RoslynAnalysisRunner will not be running.
RoslynAnalysisRunner has terminated.
Mono: successfully reloaded assembly
- Completed reload, in  0.883 seconds
Platform modules already initialized, skipping
Shader 'Universal Render Pipeline/Particles/Lit': fallback shader 'Universal Render Pipeline/Particles/SimpleLit' not found
Shader 'Universal Render Pipeline/Particles/Lit': fallback shader 'Universal Render Pipeline/Particles/SimpleLit' not found
Refreshing native plugins compatible for Editor in 0.39 ms, found 0 plugins.
Preloading 0 native plugins for Editor in 0.00 ms.
Unloading 2417 Unused Serialized files (Serialized files now loaded: 0)
System memory in use before: 335.5 MB.
System memory in use after: 333.8 MB.

Unloading 35 unused Assets to reduce memory usage. Loaded Objects now: 3285.
Total: 4.256600 ms (FindLiveObjects: 0.440200 ms CreateObjectMapping: 0.196400 ms MarkObjects: 2.240700 ms  DeleteObjects: 1.378100 ms)

========================================================================
Received Import Request.
  Time since last request: 88.269575 seconds.
  path: Assets/UI/Codec.png
  artifactKey: Guid(cdfe88eeeddb0bd41a9a30569170b374) Importer(815301076,1909f56bfc062723c751e8b465ee728b)
Start importing Assets/UI/Codec.png using Guid(cdfe88eeeddb0bd41a9a30569170b374) Importer(815301076,1909f56bfc062723c751e8b465ee728b)  -> (artifact id: '9190740af30cfac6c5a9bc3f67a2d584') in 0.044369 seconds 
========================================================================
Received Import Request.
  Time since last request: 5.332109 seconds.
  path: Assets/UI/Codec.png
  artifactKey: Guid(cdfe88eeeddb0bd41a9a30569170b374) Importer(815301076,1909f56bfc062723c751e8b465ee728b)
Start importing Assets/UI/Codec.png using Guid(cdfe88eeeddb0bd41a9a30569170b374) Importer(815301076,1909f56bfc062723c751e8b465ee728b)  -> (artifact id: '7f82ef700b25a3b84c90ada67f5fe366') in 0.010091 seconds 
========================================================================
Received Import Request.
  Time since last request: 14.753065 seconds.
  path: Assets/UI/Codec.png
  artifactKey: Guid(cdfe88eeeddb0bd41a9a30569170b374) Importer(815301076,1909f56bfc062723c751e8b465ee728b)
Start importing Assets/UI/Codec.png using Guid(cdfe88eeeddb0bd41a9a30569170b374) Importer(815301076,1909f56bfc062723c751e8b465ee728b)  -> (artifact id: '3d47c23de9db7f2541d339625debd675') in 0.013996 seconds 
========================================================================
Received Prepare
Registering precompiled user dll's ...
Registered in 0.001888 seconds.
Begin MonoManager ReloadAssembly
Symbol file LoadedFromMemory doesn't match image D:\Unity\LudumDare49\Library\PackageCache\com.unity.ext.nunit@1.0.0\net35\unity-custom\nunit.framework.dll
Native extension for WindowsStandalone target not found
Native extension for WebGL target not found
Refreshing native plugins compatible for Editor in 0.38 ms, found 0 plugins.
Preloading 0 native plugins for Editor in 0.00 ms.
Invoked RoslynAnalysisRunner static constructor.
RoslynAnalysisRunner will not be running.
RoslynAnalysisRunner has terminated.
Mono: successfully reloaded assembly
- Completed reload, in  0.869 seconds
Platform modules already initialized, skipping
Shader 'Universal Render Pipeline/Particles/Lit': fallback shader 'Universal Render Pipeline/Particles/SimpleLit' not found
Shader 'Universal Render Pipeline/Particles/Lit': fallback shader 'Universal Render Pipeline/Particles/SimpleLit' not found
Refreshing native plugins compatible for Editor in 0.39 ms, found 0 plugins.
Preloading 0 native plugins for Editor in 0.00 ms.
Unloading 2416 Unused Serialized files (Serialized files now loaded: 0)
System memory in use before: 336.7 MB.
System memory in use after: 335.0 MB.

Unloading 35 unused Assets to reduce memory usage. Loaded Objects now: 3330.
Total: 4.397500 ms (FindLiveObjects: 0.486800 ms CreateObjectMapping: 0.201700 ms MarkObjects: 2.483000 ms  DeleteObjects: 1.224100 ms)

========================================================================
Received Prepare
Shader 'Universal Render Pipeline/Particles/Lit': fallback shader 'Universal Render Pipeline/Particles/SimpleLit' not found
Shader 'Universal Render Pipeline/Particles/Lit': fallback shader 'Universal Render Pipeline/Particles/SimpleLit' not found
Refreshing native plugins compatible for Editor in 1.44 ms, found 0 plugins.
Preloading 0 native plugins for Editor in 0.00 ms.
Unloading 33 Unused Serialized files (Serialized files now loaded: 0)
System memory in use before: 289.4 MB.
System memory in use after: 287.7 MB.

Unloading 33 unused Assets to reduce memory usage. Loaded Objects now: 3330.
Total: 3.946600 ms (FindLiveObjects: 0.469500 ms CreateObjectMapping: 0.215500 ms MarkObjects: 2.098800 ms  DeleteObjects: 1.162200 ms)

========================================================================
Received Prepare
Registering precompiled user dll's ...
Registered in 0.001890 seconds.
Begin MonoManager ReloadAssembly
Symbol file LoadedFromMemory doesn't match image D:\Unity\LudumDare49\Library\PackageCache\com.unity.ext.nunit@1.0.0\net35\unity-custom\nunit.framework.dll
Native extension for WindowsStandalone target not found
Native extension for WebGL target not found
Refreshing native plugins compatible for Editor in 0.54 ms, found 0 plugins.
Preloading 0 native plugins for Editor in 0.00 ms.
Invoked RoslynAnalysisRunner static constructor.
RoslynAnalysisRunner will not be running.
RoslynAnalysisRunner has terminated.
Mono: successfully reloaded assembly
- Completed reload, in  1.067 seconds
Platform modules already initialized, skipping
Shader 'Universal Render Pipeline/Particles/Lit': fallback shader 'Universal Render Pipeline/Particles/SimpleLit' not found
Shader 'Universal Render Pipeline/Particles/Lit': fallback shader 'Universal Render Pipeline/Particles/SimpleLit' not found
Refreshing native plugins compatible for Editor in 0.46 ms, found 0 plugins.
Preloading 0 native plugins for Editor in 0.00 ms.
Unloading 2416 Unused Serialized files (Serialized files now loaded: 0)
System memory in use before: 336.7 MB.
System memory in use after: 335.0 MB.

Unloading 35 unused Assets to reduce memory usage. Loaded Objects now: 3332.
Total: 6.371600 ms (FindLiveObjects: 0.550600 ms CreateObjectMapping: 0.251900 ms MarkObjects: 3.992700 ms  DeleteObjects: 1.574900 ms)

========================================================================
Received Prepare
Registering precompiled user dll's ...
Registered in 0.001827 seconds.
Begin MonoManager ReloadAssembly
Symbol file LoadedFromMemory doesn't match image D:\Unity\LudumDare49\Library\PackageCache\com.unity.ext.nunit@1.0.0\net35\unity-custom\nunit.framework.dll
Native extension for WindowsStandalone target not found
Native extension for WebGL target not found
Refreshing native plugins compatible for Editor in 0.38 ms, found 0 plugins.
Preloading 0 native plugins for Editor in 0.00 ms.
Invoked RoslynAnalysisRunner static constructor.
RoslynAnalysisRunner will not be running.
RoslynAnalysisRunner has terminated.
Mono: successfully reloaded assembly
- Completed reload, in  0.853 seconds
Platform modules already initialized, skipping
Shader 'Universal Render Pipeline/Particles/Lit': fallback shader 'Universal Render Pipeline/Particles/SimpleLit' not found
Shader 'Universal Render Pipeline/Particles/Lit': fallback shader 'Universal Render Pipeline/Particles/SimpleLit' not found
Refreshing native plugins compatible for Editor in 0.41 ms, found 0 plugins.
Preloading 0 native plugins for Editor in 0.00 ms.
Unloading 2416 Unused Serialized files (Serialized files now loaded: 0)
System memory in use before: 336.7 MB.
System memory in use after: 335.1 MB.

Unloading 35 unused Assets to reduce memory usage. Loaded Objects now: 3334.
Total: 3.933000 ms (FindLiveObjects: 0.455700 ms CreateObjectMapping: 0.202000 ms MarkObjects: 2.100000 ms  DeleteObjects: 1.174300 ms)

========================================================================
Received Prepare
Shader 'Universal Render Pipeline/Particles/Lit': fallback shader 'Universal Render Pipeline/Particles/SimpleLit' not found
Shader 'Universal Render Pipeline/Particles/Lit': fallback shader 'Universal Render Pipeline/Particles/SimpleLit' not found
Refreshing native plugins compatible for Editor in 1.46 ms, found 0 plugins.
Preloading 0 native plugins for Editor in 0.00 ms.
Unloading 33 Unused Serialized files (Serialized files now loaded: 0)
System memory in use before: 289.4 MB.
System memory in use after: 287.7 MB.

Unloading 33 unused Assets to reduce memory usage. Loaded Objects now: 3334.
Total: 4.027100 ms (FindLiveObjects: 0.454900 ms CreateObjectMapping: 0.202800 ms MarkObjects: 2.103100 ms  DeleteObjects: 1.265500 ms)

========================================================================
Received Prepare
Registering precompiled user dll's ...
Registered in 0.001861 seconds.
Begin MonoManager ReloadAssembly
Symbol file LoadedFromMemory doesn't match image D:\Unity\LudumDare49\Library\PackageCache\com.unity.ext.nunit@1.0.0\net35\unity-custom\nunit.framework.dll
Native extension for WindowsStandalone target not found
Native extension for WebGL target not found
Refreshing native plugins compatible for Editor in 0.41 ms, found 0 plugins.
Preloading 0 native plugins for Editor in 0.00 ms.
Invoked RoslynAnalysisRunner static constructor.
RoslynAnalysisRunner will not be running.
RoslynAnalysisRunner has terminated.
Mono: successfully reloaded assembly
- Completed reload, in  0.901 seconds
Platform modules already initialized, skipping
Shader 'Universal Render Pipeline/Particles/Lit': fallback shader 'Universal Render Pipeline/Particles/SimpleLit' not found
Shader 'Universal Render Pipeline/Particles/Lit': fallback shader 'Universal Render Pipeline/Particles/SimpleLit' not found
Refreshing native plugins compatible for Editor in 0.49 ms, found 0 plugins.
Preloading 0 native plugins for Editor in 0.00 ms.
Unloading 2416 Unused Serialized files (Serialized files now loaded: 0)
System memory in use before: 336.7 MB.
System memory in use after: 335.1 MB.

Unloading 35 unused Assets to reduce memory usage. Loaded Objects now: 3336.
Total: 5.359200 ms (FindLiveObjects: 0.460500 ms CreateObjectMapping: 0.240600 ms MarkObjects: 3.125400 ms  DeleteObjects: 1.531300 ms)

========================================================================
Received Prepare
Registering precompiled user dll's ...
Registered in 0.001984 seconds.
Begin MonoManager ReloadAssembly
Symbol file LoadedFromMemory doesn't match image D:\Unity\LudumDare49\Library\PackageCache\com.unity.ext.nunit@1.0.0\net35\unity-custom\nunit.framework.dll
Native extension for WindowsStandalone target not found
Native extension for WebGL target not found
Refreshing native plugins compatible for Editor in 0.39 ms, found 0 plugins.
Preloading 0 native plugins for Editor in 0.00 ms.
Invoked RoslynAnalysisRunner static constructor.
RoslynAnalysisRunner will not be running.
RoslynAnalysisRunner has terminated.
Mono: successfully reloaded assembly
- Completed reload, in  0.854 seconds
Platform modules already initialized, skipping
Shader 'Universal Render Pipeline/Particles/Lit': fallback shader 'Universal Render Pipeline/Particles/SimpleLit' not found
Shader 'Universal Render Pipeline/Particles/Lit': fallback shader 'Universal Render Pipeline/Particles/SimpleLit' not found
Refreshing native plugins compatible for Editor in 0.39 ms, found 0 plugins.
Preloading 0 native plugins for Editor in 0.00 ms.
Unloading 2416 Unused Serialized files (Serialized files now loaded: 0)
System memory in use before: 336.8 MB.
System memory in use after: 335.1 MB.

Unloading 35 unused Assets to reduce memory usage. Loaded Objects now: 3338.
Total: 3.512300 ms (FindLiveObjects: 0.395400 ms CreateObjectMapping: 0.212600 ms MarkObjects: 1.804500 ms  DeleteObjects: 1.099100 ms)

========================================================================
Received Prepare
Registering precompiled user dll's ...
Registered in 0.001828 seconds.
Begin MonoManager ReloadAssembly
Symbol file LoadedFromMemory doesn't match image D:\Unity\LudumDare49\Library\PackageCache\com.unity.ext.nunit@1.0.0\net35\unity-custom\nunit.framework.dll
Native extension for WindowsStandalone target not found
Native extension for WebGL target not found
Refreshing native plugins compatible for Editor in 0.40 ms, found 0 plugins.
Preloading 0 native plugins for Editor in 0.00 ms.
Invoked RoslynAnalysisRunner static constructor.
RoslynAnalysisRunner will not be running.
RoslynAnalysisRunner has terminated.
Mono: successfully reloaded assembly
- Completed reload, in  0.871 seconds
Platform modules already initialized, skipping
Shader 'Universal Render Pipeline/Particles/Lit': fallback shader 'Universal Render Pipeline/Particles/SimpleLit' not found
Shader 'Universal Render Pipeline/Particles/Lit': fallback shader 'Universal Render Pipeline/Particles/SimpleLit' not found
Refreshing native plugins compatible for Editor in 0.40 ms, found 0 plugins.
Preloading 0 native plugins for Editor in 0.00 ms.
Unloading 2416 Unused Serialized files (Serialized files now loaded: 0)
System memory in use before: 336.7 MB.
System memory in use after: 335.1 MB.

Unloading 35 unused Assets to reduce memory usage. Loaded Objects now: 3340.
Total: 4.731800 ms (FindLiveObjects: 0.658400 ms CreateObjectMapping: 0.237200 ms MarkObjects: 2.679600 ms  DeleteObjects: 1.155400 ms)

========================================================================
Received Prepare
Shader 'Universal Render Pipeline/Particles/Lit': fallback shader 'Universal Render Pipeline/Particles/SimpleLit' not found
Shader 'Universal Render Pipeline/Particles/Lit': fallback shader 'Universal Render Pipeline/Particles/SimpleLit' not found
Refreshing native plugins compatible for Editor in 2.16 ms, found 0 plugins.
Preloading 0 native plugins for Editor in 0.00 ms.
Unloading 33 Unused Serialized files (Serialized files now loaded: 0)
System memory in use before: 289.4 MB.
System memory in use after: 287.8 MB.

Unloading 33 unused Assets to reduce memory usage. Loaded Objects now: 3340.
Total: 3.670200 ms (FindLiveObjects: 0.445000 ms CreateObjectMapping: 0.207100 ms MarkObjects: 1.846700 ms  DeleteObjects: 1.170400 ms)

AssetImportWorkerClient::OnTransportError - code=2 error=End of file
