Using pre-set license
Built from 'trunk' branch; Version is '2021.1.0a4 (7d39c812e75a) revision 8206792'; Using compiler version '192528614'; Build Type 'Release'
OS: 'Windows 10 Pro; OS build 19043.1237; Version 2009; 64bit' Language: 'en' Physical Memory: 16348 MB
BatchMode: 1, IsHumanControllingUs: 0, StartBugReporterOnCrash: 0, Is64bit: 1, IsPro: 0

 COMMAND LINE ARGUMENTS:
D:\Program Files\2021.1.0a4\Editor\Unity.exe
-adb2
-batchMode
-noUpm
-name
AssetImportWorker1
-projectPath
D:/Unity/LudumDare49
-logFile
Logs/AssetImportWorker1.log
-srvPort
6856
Successfully changed project path to: D:/Unity/LudumDare49
D:/Unity/LudumDare49
Using Asset Import Pipeline V2.
Refreshing native plugins compatible for Editor in 36.85 ms, found 0 plugins.
Preloading 0 native plugins for Editor in 0.00 ms.
Initialize engine version: 2021.1.0a4 (7d39c812e75a)
[Subsystems] Discovering subsystems at path D:/Program Files/2021.1.0a4/Editor/Data/Resources/UnitySubsystems
[Subsystems] Discovering subsystems at path D:/Unity/LudumDare49/Assets
GfxDevice: creating device client; threaded=0; jobified=0
Direct3D:
    Version:  Direct3D 11.0 [level 11.1]
    Renderer: NVIDIA GeForce GTX 1070 (ID=0x1b81)
    Vendor:   
    VRAM:     8088 MB
    Driver:   27.21.14.5671
Initialize mono
Mono path[0] = 'D:/Program Files/2021.1.0a4/Editor/Data/Managed'
Mono path[1] = 'D:/Program Files/2021.1.0a4/Editor/Data/MonoBleedingEdge/lib/mono/unityjit'
Mono config path = 'D:/Program Files/2021.1.0a4/Editor/Data/MonoBleedingEdge/etc'
Using monoOptions --debugger-agent=transport=dt_socket,embedding=1,server=y,suspend=n,address=127.0.0.1:56340
Begin MonoManager ReloadAssembly
Registering precompiled unity dll's ...
Register platform support module: D:/Program Files/2021.1.0a4/Editor/Data/PlaybackEngines/WebGLSupport/UnityEditor.WebGL.Extensions.dll
Register platform support module: D:/Program Files/2021.1.0a4/Editor/Data/PlaybackEngines/WindowsStandaloneSupport/UnityEditor.WindowsStandalone.Extensions.dll
Registered in 0.004354 seconds.
Native extension for WindowsStandalone target not found
Native extension for WebGL target not found
Refreshing native plugins compatible for Editor in 35.81 ms, found 0 plugins.
Preloading 0 native plugins for Editor in 0.00 ms.
Invoked RoslynAnalysisRunner static constructor.
RoslynAnalysisRunner will not be running.
RoslynAnalysisRunner has terminated.
Mono: successfully reloaded assembly
- Completed reload, in  1.254 seconds
Platform modules already initialized, skipping
Registering precompiled user dll's ...
Registered in 0.001833 seconds.
Begin MonoManager ReloadAssembly
Symbol file LoadedFromMemory doesn't match image D:\Unity\LudumDare49\Library\PackageCache\com.unity.ext.nunit@1.0.0\net35\unity-custom\nunit.framework.dll
Native extension for WindowsStandalone target not found
Native extension for WebGL target not found
Refreshing native plugins compatible for Editor in 39.83 ms, found 0 plugins.
Preloading 0 native plugins for Editor in 0.00 ms.
Invoked RoslynAnalysisRunner static constructor.
RoslynAnalysisRunner will not be running.
RoslynAnalysisRunner has terminated.
Mono: successfully reloaded assembly
- Completed reload, in  0.988 seconds
Platform modules already initialized, skipping
========================================================================
Worker process is ready to serve import requests
Shader 'Universal Render Pipeline/Particles/Lit': fallback shader 'Universal Render Pipeline/Particles/SimpleLit' not found
Shader 'Universal Render Pipeline/Particles/Lit': fallback shader 'Universal Render Pipeline/Particles/SimpleLit' not found
Launched and connected shader compiler UnityShaderCompiler.exe after 0.11 seconds
Refreshing native plugins compatible for Editor in 0.35 ms, found 0 plugins.
Preloading 0 native plugins for Editor in 0.00 ms.
Unloading 2398 Unused Serialized files (Serialized files now loaded: 0)
System memory in use before: 246.6 MB.
System memory in use after: 244.5 MB.

Unloading 46 unused Assets to reduce memory usage. Loaded Objects now: 2819.
Total: 3.188200 ms (FindLiveObjects: 0.383600 ms CreateObjectMapping: 0.217500 ms MarkObjects: 1.494100 ms  DeleteObjects: 1.092400 ms)

========================================================================
Received Import Request.
  path: Assets/RoadHandler.cs
  artifactKey: Guid(984f64c44c08b154c8c88505c34dcca3) Importer(815301076,1909f56bfc062723c751e8b465ee728b)
Start importing Assets/RoadHandler.cs using Guid(984f64c44c08b154c8c88505c34dcca3) Importer(815301076,1909f56bfc062723c751e8b465ee728b)  -> (artifact id: '015f3f1e4d8a60dcc91c25143f0d1551') in 0.041429 seconds 
========================================================================
Received Import Request.
  Time since last request: 0.017043 seconds.
  path: Assets/RoadSegment.cs
  artifactKey: Guid(8d5f2c391088f714aac89f8c1919d7c3) Importer(815301076,1909f56bfc062723c751e8b465ee728b)
Start importing Assets/RoadSegment.cs using Guid(8d5f2c391088f714aac89f8c1919d7c3) Importer(815301076,1909f56bfc062723c751e8b465ee728b)  -> (artifact id: '7a8f75dc41f118549d23f6b24c73c139') in 0.009901 seconds 
========================================================================
Received Import Request.
  Time since last request: 18.154222 seconds.
  path: ProjectSettings/TagManager.asset
  artifactKey: Guid(00000000000000003000000000000000) Importer(815301076,1909f56bfc062723c751e8b465ee728b)
Start importing ProjectSettings/TagManager.asset using Guid(00000000000000003000000000000000) Importer(815301076,1909f56bfc062723c751e8b465ee728b)  -> (artifact id: 'ef621f63c419ae4a381e6a1a71e84982') in 0.022006 seconds 
========================================================================
Received Prepare
Registering precompiled user dll's ...
Registered in 0.001842 seconds.
Begin MonoManager ReloadAssembly
Symbol file LoadedFromMemory doesn't match image D:\Unity\LudumDare49\Library\PackageCache\com.unity.ext.nunit@1.0.0\net35\unity-custom\nunit.framework.dll
Native extension for WindowsStandalone target not found
Native extension for WebGL target not found
Refreshing native plugins compatible for Editor in 0.35 ms, found 0 plugins.
Preloading 0 native plugins for Editor in 0.00 ms.
Invoked RoslynAnalysisRunner static constructor.
RoslynAnalysisRunner will not be running.
RoslynAnalysisRunner has terminated.
Mono: successfully reloaded assembly
- Completed reload, in  0.830 seconds
Platform modules already initialized, skipping
Shader 'Universal Render Pipeline/Particles/Lit': fallback shader 'Universal Render Pipeline/Particles/SimpleLit' not found
Shader 'Universal Render Pipeline/Particles/Lit': fallback shader 'Universal Render Pipeline/Particles/SimpleLit' not found
Refreshing native plugins compatible for Editor in 0.36 ms, found 0 plugins.
Preloading 0 native plugins for Editor in 0.00 ms.
Unloading 2324 Unused Serialized files (Serialized files now loaded: 0)
System memory in use before: 243.9 MB.
System memory in use after: 241.8 MB.

Unloading 42 unused Assets to reduce memory usage. Loaded Objects now: 2822.
Total: 3.525300 ms (FindLiveObjects: 0.422200 ms CreateObjectMapping: 0.181900 ms MarkObjects: 1.756800 ms  DeleteObjects: 1.163500 ms)

========================================================================
Received Prepare
Registering precompiled user dll's ...
Registered in 0.002717 seconds.
Begin MonoManager ReloadAssembly
Symbol file LoadedFromMemory doesn't match image D:\Unity\LudumDare49\Library\PackageCache\com.unity.ext.nunit@1.0.0\net35\unity-custom\nunit.framework.dll
Native extension for WindowsStandalone target not found
Native extension for WebGL target not found
Refreshing native plugins compatible for Editor in 0.36 ms, found 0 plugins.
Preloading 0 native plugins for Editor in 0.00 ms.
Invoked RoslynAnalysisRunner static constructor.
RoslynAnalysisRunner will not be running.
RoslynAnalysisRunner has terminated.
Mono: successfully reloaded assembly
- Completed reload, in  0.844 seconds
Platform modules already initialized, skipping
Shader 'Universal Render Pipeline/Particles/Lit': fallback shader 'Universal Render Pipeline/Particles/SimpleLit' not found
Shader 'Universal Render Pipeline/Particles/Lit': fallback shader 'Universal Render Pipeline/Particles/SimpleLit' not found
Refreshing native plugins compatible for Editor in 0.35 ms, found 0 plugins.
Preloading 0 native plugins for Editor in 0.00 ms.
Unloading 2324 Unused Serialized files (Serialized files now loaded: 0)
System memory in use before: 244.7 MB.
System memory in use after: 242.6 MB.

Unloading 41 unused Assets to reduce memory usage. Loaded Objects now: 2824.
Total: 4.057100 ms (FindLiveObjects: 0.438600 ms CreateObjectMapping: 0.203100 ms MarkObjects: 2.191700 ms  DeleteObjects: 1.222500 ms)

========================================================================
Received Prepare
Registering precompiled user dll's ...
Registered in 0.001790 seconds.
Begin MonoManager ReloadAssembly
Symbol file LoadedFromMemory doesn't match image D:\Unity\LudumDare49\Library\PackageCache\com.unity.ext.nunit@1.0.0\net35\unity-custom\nunit.framework.dll
Native extension for WindowsStandalone target not found
Native extension for WebGL target not found
Refreshing native plugins compatible for Editor in 0.35 ms, found 0 plugins.
Preloading 0 native plugins for Editor in 0.00 ms.
Invoked RoslynAnalysisRunner static constructor.
RoslynAnalysisRunner will not be running.
RoslynAnalysisRunner has terminated.
Mono: successfully reloaded assembly
- Completed reload, in  0.813 seconds
Platform modules already initialized, skipping
Shader 'Universal Render Pipeline/Particles/Lit': fallback shader 'Universal Render Pipeline/Particles/SimpleLit' not found
Shader 'Universal Render Pipeline/Particles/Lit': fallback shader 'Universal Render Pipeline/Particles/SimpleLit' not found
Refreshing native plugins compatible for Editor in 0.35 ms, found 0 plugins.
Preloading 0 native plugins for Editor in 0.00 ms.
Unloading 2324 Unused Serialized files (Serialized files now loaded: 0)
System memory in use before: 245.0 MB.
System memory in use after: 242.9 MB.

Unloading 41 unused Assets to reduce memory usage. Loaded Objects now: 2826.
Total: 3.622900 ms (FindLiveObjects: 0.398100 ms CreateObjectMapping: 0.191800 ms MarkObjects: 1.786900 ms  DeleteObjects: 1.245400 ms)

========================================================================
Received Import Request.
  Time since last request: 184.322791 seconds.
  path: ProjectSettings/TagManager.asset
  artifactKey: Guid(00000000000000003000000000000000) Importer(815301076,1909f56bfc062723c751e8b465ee728b)
Start importing ProjectSettings/TagManager.asset using Guid(00000000000000003000000000000000) Importer(815301076,1909f56bfc062723c751e8b465ee728b)  -> (artifact id: '6cbcd2025852f8e8cbb8c50faa9f34f8') in 0.013423 seconds 
========================================================================
Received Prepare
Registering precompiled user dll's ...
Registered in 0.002020 seconds.
Begin MonoManager ReloadAssembly
Symbol file LoadedFromMemory doesn't match image D:\Unity\LudumDare49\Library\PackageCache\com.unity.ext.nunit@1.0.0\net35\unity-custom\nunit.framework.dll
Native extension for WindowsStandalone target not found
Native extension for WebGL target not found
Refreshing native plugins compatible for Editor in 0.44 ms, found 0 plugins.
Preloading 0 native plugins for Editor in 0.00 ms.
Invoked RoslynAnalysisRunner static constructor.
RoslynAnalysisRunner will not be running.
RoslynAnalysisRunner has terminated.
Mono: successfully reloaded assembly
- Completed reload, in  0.864 seconds
Platform modules already initialized, skipping
Shader 'Universal Render Pipeline/Particles/Lit': fallback shader 'Universal Render Pipeline/Particles/SimpleLit' not found
Shader 'Universal Render Pipeline/Particles/Lit': fallback shader 'Universal Render Pipeline/Particles/SimpleLit' not found
Refreshing native plugins compatible for Editor in 0.56 ms, found 0 plugins.
Preloading 0 native plugins for Editor in 0.00 ms.
Unloading 2324 Unused Serialized files (Serialized files now loaded: 0)
System memory in use before: 244.8 MB.
System memory in use after: 242.8 MB.

Unloading 42 unused Assets to reduce memory usage. Loaded Objects now: 2828.
Total: 3.510800 ms (FindLiveObjects: 0.397100 ms CreateObjectMapping: 0.177900 ms MarkObjects: 1.673100 ms  DeleteObjects: 1.261500 ms)

========================================================================
Received Prepare
Registering precompiled user dll's ...
Registered in 0.001883 seconds.
Begin MonoManager ReloadAssembly
Symbol file LoadedFromMemory doesn't match image D:\Unity\LudumDare49\Library\PackageCache\com.unity.ext.nunit@1.0.0\net35\unity-custom\nunit.framework.dll
Native extension for WindowsStandalone target not found
Native extension for WebGL target not found
Refreshing native plugins compatible for Editor in 0.37 ms, found 0 plugins.
Preloading 0 native plugins for Editor in 0.00 ms.
Invoked RoslynAnalysisRunner static constructor.
RoslynAnalysisRunner will not be running.
RoslynAnalysisRunner has terminated.
Mono: successfully reloaded assembly
- Completed reload, in  0.820 seconds
Platform modules already initialized, skipping
Shader 'Universal Render Pipeline/Particles/Lit': fallback shader 'Universal Render Pipeline/Particles/SimpleLit' not found
Shader 'Universal Render Pipeline/Particles/Lit': fallback shader 'Universal Render Pipeline/Particles/SimpleLit' not found
Refreshing native plugins compatible for Editor in 0.34 ms, found 0 plugins.
Preloading 0 native plugins for Editor in 0.00 ms.
Unloading 2324 Unused Serialized files (Serialized files now loaded: 0)
System memory in use before: 245.0 MB.
System memory in use after: 242.9 MB.

Unloading 41 unused Assets to reduce memory usage. Loaded Objects now: 2830.
Total: 4.572900 ms (FindLiveObjects: 0.471500 ms CreateObjectMapping: 0.219000 ms MarkObjects: 2.561700 ms  DeleteObjects: 1.319800 ms)

========================================================================
Received Import Request.
  Time since last request: 271.320200 seconds.
  path: ProjectSettings/TagManager.asset
  artifactKey: Guid(00000000000000003000000000000000) Importer(815301076,1909f56bfc062723c751e8b465ee728b)
Start importing ProjectSettings/TagManager.asset using Guid(00000000000000003000000000000000) Importer(815301076,1909f56bfc062723c751e8b465ee728b)  -> (artifact id: 'c1936fc4a37c70448e07db137eb05faa') in 0.013665 seconds 
========================================================================
Received Prepare
Registering precompiled user dll's ...
Registered in 0.002543 seconds.
Begin MonoManager ReloadAssembly
Symbol file LoadedFromMemory doesn't match image D:\Unity\LudumDare49\Library\PackageCache\com.unity.ext.nunit@1.0.0\net35\unity-custom\nunit.framework.dll
Native extension for WindowsStandalone target not found
Native extension for WebGL target not found
Refreshing native plugins compatible for Editor in 0.37 ms, found 0 plugins.
Preloading 0 native plugins for Editor in 0.00 ms.
Invoked RoslynAnalysisRunner static constructor.
RoslynAnalysisRunner will not be running.
RoslynAnalysisRunner has terminated.
Mono: successfully reloaded assembly
- Completed reload, in  0.865 seconds
Platform modules already initialized, skipping
Shader 'Universal Render Pipeline/Particles/Lit': fallback shader 'Universal Render Pipeline/Particles/SimpleLit' not found
Shader 'Universal Render Pipeline/Particles/Lit': fallback shader 'Universal Render Pipeline/Particles/SimpleLit' not found
Refreshing native plugins compatible for Editor in 0.38 ms, found 0 plugins.
Preloading 0 native plugins for Editor in 0.00 ms.
Unloading 2324 Unused Serialized files (Serialized files now loaded: 0)
System memory in use before: 245.0 MB.
System memory in use after: 242.9 MB.

Unloading 42 unused Assets to reduce memory usage. Loaded Objects now: 2832.
Total: 3.509900 ms (FindLiveObjects: 0.388600 ms CreateObjectMapping: 0.167900 ms MarkObjects: 1.670500 ms  DeleteObjects: 1.281800 ms)

========================================================================
Received Prepare
Registering precompiled user dll's ...
Registered in 0.002770 seconds.
Begin MonoManager ReloadAssembly
Symbol file LoadedFromMemory doesn't match image D:\Unity\LudumDare49\Library\PackageCache\com.unity.ext.nunit@1.0.0\net35\unity-custom\nunit.framework.dll
Native extension for WindowsStandalone target not found
Native extension for WebGL target not found
Refreshing native plugins compatible for Editor in 0.35 ms, found 0 plugins.
Preloading 0 native plugins for Editor in 0.00 ms.
Invoked RoslynAnalysisRunner static constructor.
RoslynAnalysisRunner will not be running.
RoslynAnalysisRunner has terminated.
Mono: successfully reloaded assembly
- Completed reload, in  0.827 seconds
Platform modules already initialized, skipping
Shader 'Universal Render Pipeline/Particles/Lit': fallback shader 'Universal Render Pipeline/Particles/SimpleLit' not found
Shader 'Universal Render Pipeline/Particles/Lit': fallback shader 'Universal Render Pipeline/Particles/SimpleLit' not found
Refreshing native plugins compatible for Editor in 0.39 ms, found 0 plugins.
Preloading 0 native plugins for Editor in 0.00 ms.
Unloading 2324 Unused Serialized files (Serialized files now loaded: 0)
System memory in use before: 245.0 MB.
System memory in use after: 242.9 MB.

Unloading 41 unused Assets to reduce memory usage. Loaded Objects now: 2834.
Total: 4.824400 ms (FindLiveObjects: 0.643900 ms CreateObjectMapping: 0.257200 ms MarkObjects: 2.497400 ms  DeleteObjects: 1.424700 ms)

========================================================================
Received Prepare
Registering precompiled user dll's ...
Registered in 0.001791 seconds.
Begin MonoManager ReloadAssembly
Symbol file LoadedFromMemory doesn't match image D:\Unity\LudumDare49\Library\PackageCache\com.unity.ext.nunit@1.0.0\net35\unity-custom\nunit.framework.dll
Native extension for WindowsStandalone target not found
Native extension for WebGL target not found
Refreshing native plugins compatible for Editor in 0.35 ms, found 0 plugins.
Preloading 0 native plugins for Editor in 0.00 ms.
Invoked RoslynAnalysisRunner static constructor.
RoslynAnalysisRunner will not be running.
RoslynAnalysisRunner has terminated.
Mono: successfully reloaded assembly
- Completed reload, in  0.883 seconds
Platform modules already initialized, skipping
Shader 'Universal Render Pipeline/Particles/Lit': fallback shader 'Universal Render Pipeline/Particles/SimpleLit' not found
Shader 'Universal Render Pipeline/Particles/Lit': fallback shader 'Universal Render Pipeline/Particles/SimpleLit' not found
Refreshing native plugins compatible for Editor in 0.37 ms, found 0 plugins.
Preloading 0 native plugins for Editor in 0.00 ms.
Unloading 2324 Unused Serialized files (Serialized files now loaded: 0)
System memory in use before: 245.0 MB.
System memory in use after: 242.9 MB.

Unloading 41 unused Assets to reduce memory usage. Loaded Objects now: 2836.
Total: 3.459800 ms (FindLiveObjects: 0.370100 ms CreateObjectMapping: 0.178800 ms MarkObjects: 1.651200 ms  DeleteObjects: 1.258100 ms)

========================================================================
Received Prepare
Registering precompiled user dll's ...
Registered in 0.001834 seconds.
Begin MonoManager ReloadAssembly
Symbol file LoadedFromMemory doesn't match image D:\Unity\LudumDare49\Library\PackageCache\com.unity.ext.nunit@1.0.0\net35\unity-custom\nunit.framework.dll
Native extension for WindowsStandalone target not found
Native extension for WebGL target not found
Refreshing native plugins compatible for Editor in 0.35 ms, found 0 plugins.
Preloading 0 native plugins for Editor in 0.00 ms.
Invoked RoslynAnalysisRunner static constructor.
RoslynAnalysisRunner will not be running.
RoslynAnalysisRunner has terminated.
Mono: successfully reloaded assembly
- Completed reload, in  0.814 seconds
Platform modules already initialized, skipping
Shader 'Universal Render Pipeline/Particles/Lit': fallback shader 'Universal Render Pipeline/Particles/SimpleLit' not found
Shader 'Universal Render Pipeline/Particles/Lit': fallback shader 'Universal Render Pipeline/Particles/SimpleLit' not found
Refreshing native plugins compatible for Editor in 0.35 ms, found 0 plugins.
Preloading 0 native plugins for Editor in 0.00 ms.
Unloading 2324 Unused Serialized files (Serialized files now loaded: 0)
System memory in use before: 244.7 MB.
System memory in use after: 242.6 MB.

Unloading 41 unused Assets to reduce memory usage. Loaded Objects now: 2838.
Total: 4.504400 ms (FindLiveObjects: 0.562300 ms CreateObjectMapping: 0.190700 ms MarkObjects: 2.450500 ms  DeleteObjects: 1.299000 ms)

========================================================================
Received Prepare
Registering precompiled user dll's ...
Registered in 0.001927 seconds.
Begin MonoManager ReloadAssembly
Symbol file LoadedFromMemory doesn't match image D:\Unity\LudumDare49\Library\PackageCache\com.unity.ext.nunit@1.0.0\net35\unity-custom\nunit.framework.dll
Native extension for WindowsStandalone target not found
Native extension for WebGL target not found
Refreshing native plugins compatible for Editor in 0.35 ms, found 0 plugins.
Preloading 0 native plugins for Editor in 0.00 ms.
Invoked RoslynAnalysisRunner static constructor.
RoslynAnalysisRunner will not be running.
RoslynAnalysisRunner has terminated.
Mono: successfully reloaded assembly
- Completed reload, in  0.802 seconds
Platform modules already initialized, skipping
Shader 'Universal Render Pipeline/Particles/Lit': fallback shader 'Universal Render Pipeline/Particles/SimpleLit' not found
Shader 'Universal Render Pipeline/Particles/Lit': fallback shader 'Universal Render Pipeline/Particles/SimpleLit' not found
Refreshing native plugins compatible for Editor in 0.37 ms, found 0 plugins.
Preloading 0 native plugins for Editor in 0.00 ms.
Unloading 2324 Unused Serialized files (Serialized files now loaded: 0)
System memory in use before: 245.0 MB.
System memory in use after: 243.0 MB.

Unloading 41 unused Assets to reduce memory usage. Loaded Objects now: 2840.
Total: 3.491300 ms (FindLiveObjects: 0.366200 ms CreateObjectMapping: 0.161100 ms MarkObjects: 1.719700 ms  DeleteObjects: 1.243400 ms)

========================================================================
Received Prepare
Registering precompiled user dll's ...
Registered in 0.001857 seconds.
Begin MonoManager ReloadAssembly
Symbol file LoadedFromMemory doesn't match image D:\Unity\LudumDare49\Library\PackageCache\com.unity.ext.nunit@1.0.0\net35\unity-custom\nunit.framework.dll
Native extension for WindowsStandalone target not found
Native extension for WebGL target not found
Refreshing native plugins compatible for Editor in 0.36 ms, found 0 plugins.
Preloading 0 native plugins for Editor in 0.00 ms.
Invoked RoslynAnalysisRunner static constructor.
RoslynAnalysisRunner will not be running.
RoslynAnalysisRunner has terminated.
Mono: successfully reloaded assembly
- Completed reload, in  0.818 seconds
Platform modules already initialized, skipping
Shader 'Universal Render Pipeline/Particles/Lit': fallback shader 'Universal Render Pipeline/Particles/SimpleLit' not found
Shader 'Universal Render Pipeline/Particles/Lit': fallback shader 'Universal Render Pipeline/Particles/SimpleLit' not found
Refreshing native plugins compatible for Editor in 0.63 ms, found 0 plugins.
Preloading 0 native plugins for Editor in 0.00 ms.
Unloading 2324 Unused Serialized files (Serialized files now loaded: 0)
System memory in use before: 244.8 MB.
System memory in use after: 242.7 MB.

Unloading 41 unused Assets to reduce memory usage. Loaded Objects now: 2842.
Total: 3.465100 ms (FindLiveObjects: 0.393900 ms CreateObjectMapping: 0.165600 ms MarkObjects: 1.653900 ms  DeleteObjects: 1.250700 ms)

========================================================================
Received Import Request.
  Time since last request: 663.894791 seconds.
  path: Assets/RoadHandler.cs
  artifactKey: Guid(984f64c44c08b154c8c88505c34dcca3) Importer(815301076,1909f56bfc062723c751e8b465ee728b)
Start importing Assets/RoadHandler.cs using Guid(984f64c44c08b154c8c88505c34dcca3) Importer(815301076,1909f56bfc062723c751e8b465ee728b)  -> (artifact id: 'f55641d15594f9d560d03cc4bf2fa749') in 0.004937 seconds 
========================================================================
Received Import Request.
  Time since last request: 0.016052 seconds.
  path: Assets/RoadSegment.cs
  artifactKey: Guid(8d5f2c391088f714aac89f8c1919d7c3) Importer(815301076,1909f56bfc062723c751e8b465ee728b)
Start importing Assets/RoadSegment.cs using Guid(8d5f2c391088f714aac89f8c1919d7c3) Importer(815301076,1909f56bfc062723c751e8b465ee728b)  -> (artifact id: '199979752d7cfc642955ba36518c31a3') in 0.002331 seconds 
========================================================================
Received Import Request.
  Time since last request: 0.017094 seconds.
  path: Assets/ChoiceHandler.cs
  artifactKey: Guid(16f0d12ff35bb1548a0a26cd85d6b50e) Importer(815301076,1909f56bfc062723c751e8b465ee728b)
Start importing Assets/ChoiceHandler.cs using Guid(16f0d12ff35bb1548a0a26cd85d6b50e) Importer(815301076,1909f56bfc062723c751e8b465ee728b)  -> (artifact id: 'fc10e41651620e6f194bdbbce260c694') in 0.008548 seconds 
========================================================================
Received Prepare
Registering precompiled user dll's ...
Registered in 0.001833 seconds.
Begin MonoManager ReloadAssembly
Symbol file LoadedFromMemory doesn't match image D:\Unity\LudumDare49\Library\PackageCache\com.unity.ext.nunit@1.0.0\net35\unity-custom\nunit.framework.dll
Native extension for WindowsStandalone target not found
Native extension for WebGL target not found
Refreshing native plugins compatible for Editor in 0.36 ms, found 0 plugins.
Preloading 0 native plugins for Editor in 0.00 ms.
Invoked RoslynAnalysisRunner static constructor.
RoslynAnalysisRunner will not be running.
RoslynAnalysisRunner has terminated.
Mono: successfully reloaded assembly
- Completed reload, in  0.859 seconds
Platform modules already initialized, skipping
Shader 'Universal Render Pipeline/Particles/Lit': fallback shader 'Universal Render Pipeline/Particles/SimpleLit' not found
Shader 'Universal Render Pipeline/Particles/Lit': fallback shader 'Universal Render Pipeline/Particles/SimpleLit' not found
Refreshing native plugins compatible for Editor in 0.35 ms, found 0 plugins.
Preloading 0 native plugins for Editor in 0.00 ms.
Unloading 2324 Unused Serialized files (Serialized files now loaded: 0)
System memory in use before: 245.0 MB.
System memory in use after: 243.0 MB.

Unloading 41 unused Assets to reduce memory usage. Loaded Objects now: 2844.
Total: 3.450600 ms (FindLiveObjects: 0.365100 ms CreateObjectMapping: 0.191900 ms MarkObjects: 1.645900 ms  DeleteObjects: 1.246300 ms)

========================================================================
Received Import Request.
  Time since last request: 273.586554 seconds.
  path: Assets/RoadHandler.cs
  artifactKey: Guid(984f64c44c08b154c8c88505c34dcca3) Importer(815301076,1909f56bfc062723c751e8b465ee728b)
Start importing Assets/RoadHandler.cs using Guid(984f64c44c08b154c8c88505c34dcca3) Importer(815301076,1909f56bfc062723c751e8b465ee728b)  -> (artifact id: 'c6678352386929a58c5d9e72b00013f1') in 0.006491 seconds 
========================================================================
Received Import Request.
  Time since last request: 0.015358 seconds.
  path: Assets/RoadSegment.cs
  artifactKey: Guid(8d5f2c391088f714aac89f8c1919d7c3) Importer(815301076,1909f56bfc062723c751e8b465ee728b)
Start importing Assets/RoadSegment.cs using Guid(8d5f2c391088f714aac89f8c1919d7c3) Importer(815301076,1909f56bfc062723c751e8b465ee728b)  -> (artifact id: 'c1defe1e6eed89edf1562e8a2cfcbddc') in 0.004252 seconds 
========================================================================
Received Import Request.
  Time since last request: 3.131414 seconds.
  path: Assets/Placeholders/Prefabs/Fork.prefab
  artifactKey: Guid(76aad7f1b7dd16e47ac5e5d9ffb89ff1) Importer(815301076,1909f56bfc062723c751e8b465ee728b)
Start importing Assets/Placeholders/Prefabs/Fork.prefab using Guid(76aad7f1b7dd16e47ac5e5d9ffb89ff1) Importer(815301076,1909f56bfc062723c751e8b465ee728b)  -> (artifact id: '4c76bc791e3c8de0333526759c9c8c13') in 0.217768 seconds 
========================================================================
Received Import Request.
  Time since last request: 0.006449 seconds.
  path: Assets/Placeholders/Prefabs/Straight.prefab
  artifactKey: Guid(c4a27cda618c8a14da2318bd4f012970) Importer(815301076,1909f56bfc062723c751e8b465ee728b)
Start importing Assets/Placeholders/Prefabs/Straight.prefab using Guid(c4a27cda618c8a14da2318bd4f012970) Importer(815301076,1909f56bfc062723c751e8b465ee728b)  -> (artifact id: '1ecdd196c92c3d1d3bb72d3c54d961e2') in 0.011429 seconds 
========================================================================
Received Import Request.
  Time since last request: 150.075783 seconds.
  path: Assets/Placeholders/Prefabs/Sign.prefab
  artifactKey: Guid(c317ff2ada63ede4781492d39da144d0) Importer(815301076,1909f56bfc062723c751e8b465ee728b)
Start importing Assets/Placeholders/Prefabs/Sign.prefab using Guid(c317ff2ada63ede4781492d39da144d0) Importer(815301076,1909f56bfc062723c751e8b465ee728b)  -> (artifact id: '4e7c9c37393a739da8c86e069102bc36') in 0.059682 seconds 
========================================================================
Received Prepare
Registering precompiled user dll's ...
Registered in 0.001802 seconds.
Begin MonoManager ReloadAssembly
Symbol file LoadedFromMemory doesn't match image D:\Unity\LudumDare49\Library\PackageCache\com.unity.ext.nunit@1.0.0\net35\unity-custom\nunit.framework.dll
Native extension for WindowsStandalone target not found
Native extension for WebGL target not found
Refreshing native plugins compatible for Editor in 0.35 ms, found 0 plugins.
Preloading 0 native plugins for Editor in 0.00 ms.
Invoked RoslynAnalysisRunner static constructor.
RoslynAnalysisRunner will not be running.
RoslynAnalysisRunner has terminated.
Mono: successfully reloaded assembly
- Completed reload, in  0.859 seconds
Platform modules already initialized, skipping
Shader 'Universal Render Pipeline/Particles/Lit': fallback shader 'Universal Render Pipeline/Particles/SimpleLit' not found
Shader 'Universal Render Pipeline/Particles/Lit': fallback shader 'Universal Render Pipeline/Particles/SimpleLit' not found
Refreshing native plugins compatible for Editor in 0.43 ms, found 0 plugins.
Preloading 0 native plugins for Editor in 0.00 ms.
Unloading 2324 Unused Serialized files (Serialized files now loaded: 0)
System memory in use before: 250.5 MB.
System memory in use after: 248.4 MB.

Unloading 41 unused Assets to reduce memory usage. Loaded Objects now: 2895.
Total: 3.552700 ms (FindLiveObjects: 0.374900 ms CreateObjectMapping: 0.171500 ms MarkObjects: 1.883200 ms  DeleteObjects: 1.122300 ms)

========================================================================
Received Prepare
Registering precompiled user dll's ...
Registered in 0.001919 seconds.
Begin MonoManager ReloadAssembly
Symbol file LoadedFromMemory doesn't match image D:\Unity\LudumDare49\Library\PackageCache\com.unity.ext.nunit@1.0.0\net35\unity-custom\nunit.framework.dll
Native extension for WindowsStandalone target not found
Native extension for WebGL target not found
Refreshing native plugins compatible for Editor in 0.36 ms, found 0 plugins.
Preloading 0 native plugins for Editor in 0.00 ms.
Invoked RoslynAnalysisRunner static constructor.
RoslynAnalysisRunner will not be running.
RoslynAnalysisRunner has terminated.
Mono: successfully reloaded assembly
- Completed reload, in  0.853 seconds
Platform modules already initialized, skipping
Shader 'Universal Render Pipeline/Particles/Lit': fallback shader 'Universal Render Pipeline/Particles/SimpleLit' not found
Shader 'Universal Render Pipeline/Particles/Lit': fallback shader 'Universal Render Pipeline/Particles/SimpleLit' not found
Refreshing native plugins compatible for Editor in 0.34 ms, found 0 plugins.
Preloading 0 native plugins for Editor in 0.00 ms.
Unloading 2324 Unused Serialized files (Serialized files now loaded: 0)
System memory in use before: 250.6 MB.
System memory in use after: 248.5 MB.

Unloading 41 unused Assets to reduce memory usage. Loaded Objects now: 2897.
Total: 4.115900 ms (FindLiveObjects: 0.531500 ms CreateObjectMapping: 0.196600 ms MarkObjects: 1.948400 ms  DeleteObjects: 1.437900 ms)

========================================================================
Received Prepare
Registering precompiled user dll's ...
Registered in 0.002268 seconds.
Begin MonoManager ReloadAssembly
Symbol file LoadedFromMemory doesn't match image D:\Unity\LudumDare49\Library\PackageCache\com.unity.ext.nunit@1.0.0\net35\unity-custom\nunit.framework.dll
Native extension for WindowsStandalone target not found
Native extension for WebGL target not found
Refreshing native plugins compatible for Editor in 0.35 ms, found 0 plugins.
Preloading 0 native plugins for Editor in 0.00 ms.
Invoked RoslynAnalysisRunner static constructor.
RoslynAnalysisRunner will not be running.
RoslynAnalysisRunner has terminated.
Mono: successfully reloaded assembly
- Completed reload, in  0.836 seconds
Platform modules already initialized, skipping
Shader 'Universal Render Pipeline/Particles/Lit': fallback shader 'Universal Render Pipeline/Particles/SimpleLit' not found
Shader 'Universal Render Pipeline/Particles/Lit': fallback shader 'Universal Render Pipeline/Particles/SimpleLit' not found
Refreshing native plugins compatible for Editor in 0.36 ms, found 0 plugins.
Preloading 0 native plugins for Editor in 0.00 ms.
Unloading 2324 Unused Serialized files (Serialized files now loaded: 0)
System memory in use before: 250.5 MB.
System memory in use after: 248.4 MB.

Unloading 41 unused Assets to reduce memory usage. Loaded Objects now: 2899.
Total: 3.957500 ms (FindLiveObjects: 0.490400 ms CreateObjectMapping: 0.189100 ms MarkObjects: 1.936700 ms  DeleteObjects: 1.339900 ms)

========================================================================
Received Prepare
Registering precompiled user dll's ...
Registered in 0.002683 seconds.
Begin MonoManager ReloadAssembly
Symbol file LoadedFromMemory doesn't match image D:\Unity\LudumDare49\Library\PackageCache\com.unity.ext.nunit@1.0.0\net35\unity-custom\nunit.framework.dll
Native extension for WindowsStandalone target not found
Native extension for WebGL target not found
Refreshing native plugins compatible for Editor in 0.39 ms, found 0 plugins.
Preloading 0 native plugins for Editor in 0.00 ms.
Invoked RoslynAnalysisRunner static constructor.
RoslynAnalysisRunner will not be running.
RoslynAnalysisRunner has terminated.
Mono: successfully reloaded assembly
- Completed reload, in  0.855 seconds
Platform modules already initialized, skipping
Shader 'Universal Render Pipeline/Particles/Lit': fallback shader 'Universal Render Pipeline/Particles/SimpleLit' not found
Shader 'Universal Render Pipeline/Particles/Lit': fallback shader 'Universal Render Pipeline/Particles/SimpleLit' not found
Refreshing native plugins compatible for Editor in 0.39 ms, found 0 plugins.
Preloading 0 native plugins for Editor in 0.00 ms.
Unloading 2324 Unused Serialized files (Serialized files now loaded: 0)
System memory in use before: 250.2 MB.
System memory in use after: 248.1 MB.

Unloading 41 unused Assets to reduce memory usage. Loaded Objects now: 2901.
Total: 3.810300 ms (FindLiveObjects: 0.556500 ms CreateObjectMapping: 0.257100 ms MarkObjects: 1.714700 ms  DeleteObjects: 1.280800 ms)

========================================================================
Received Prepare
Registering precompiled user dll's ...
Registered in 0.001850 seconds.
Begin MonoManager ReloadAssembly
Symbol file LoadedFromMemory doesn't match image D:\Unity\LudumDare49\Library\PackageCache\com.unity.ext.nunit@1.0.0\net35\unity-custom\nunit.framework.dll
Native extension for WindowsStandalone target not found
Native extension for WebGL target not found
Refreshing native plugins compatible for Editor in 0.36 ms, found 0 plugins.
Preloading 0 native plugins for Editor in 0.00 ms.
Invoked RoslynAnalysisRunner static constructor.
RoslynAnalysisRunner will not be running.
RoslynAnalysisRunner has terminated.
Mono: successfully reloaded assembly
- Completed reload, in  0.852 seconds
Platform modules already initialized, skipping
Shader 'Universal Render Pipeline/Particles/Lit': fallback shader 'Universal Render Pipeline/Particles/SimpleLit' not found
Shader 'Universal Render Pipeline/Particles/Lit': fallback shader 'Universal Render Pipeline/Particles/SimpleLit' not found
Refreshing native plugins compatible for Editor in 0.39 ms, found 0 plugins.
Preloading 0 native plugins for Editor in 0.00 ms.
Unloading 2324 Unused Serialized files (Serialized files now loaded: 0)
System memory in use before: 250.5 MB.
System memory in use after: 248.4 MB.

Unloading 41 unused Assets to reduce memory usage. Loaded Objects now: 2903.
Total: 5.169200 ms (FindLiveObjects: 0.429800 ms CreateObjectMapping: 0.305100 ms MarkObjects: 2.799800 ms  DeleteObjects: 1.632600 ms)

========================================================================
Received Prepare
Registering precompiled user dll's ...
Registered in 0.002308 seconds.
Begin MonoManager ReloadAssembly
Symbol file LoadedFromMemory doesn't match image D:\Unity\LudumDare49\Library\PackageCache\com.unity.ext.nunit@1.0.0\net35\unity-custom\nunit.framework.dll
Native extension for WindowsStandalone target not found
Native extension for WebGL target not found
Refreshing native plugins compatible for Editor in 0.68 ms, found 0 plugins.
Preloading 0 native plugins for Editor in 0.00 ms.
Invoked RoslynAnalysisRunner static constructor.
RoslynAnalysisRunner will not be running.
RoslynAnalysisRunner has terminated.
Mono: successfully reloaded assembly
- Completed reload, in  0.924 seconds
Platform modules already initialized, skipping
Shader 'Universal Render Pipeline/Particles/Lit': fallback shader 'Universal Render Pipeline/Particles/SimpleLit' not found
Shader 'Universal Render Pipeline/Particles/Lit': fallback shader 'Universal Render Pipeline/Particles/SimpleLit' not found
Refreshing native plugins compatible for Editor in 0.34 ms, found 0 plugins.
Preloading 0 native plugins for Editor in 0.00 ms.
Unloading 2324 Unused Serialized files (Serialized files now loaded: 0)
System memory in use before: 250.4 MB.
System memory in use after: 248.3 MB.

Unloading 41 unused Assets to reduce memory usage. Loaded Objects now: 2905.
Total: 3.787500 ms (FindLiveObjects: 0.412100 ms CreateObjectMapping: 0.189100 ms MarkObjects: 1.898500 ms  DeleteObjects: 1.287100 ms)

========================================================================
Received Prepare
Registering precompiled user dll's ...
Registered in 0.001930 seconds.
Begin MonoManager ReloadAssembly
Symbol file LoadedFromMemory doesn't match image D:\Unity\LudumDare49\Library\PackageCache\com.unity.ext.nunit@1.0.0\net35\unity-custom\nunit.framework.dll
Native extension for WindowsStandalone target not found
Native extension for WebGL target not found
Refreshing native plugins compatible for Editor in 0.35 ms, found 0 plugins.
Preloading 0 native plugins for Editor in 0.00 ms.
Invoked RoslynAnalysisRunner static constructor.
RoslynAnalysisRunner will not be running.
RoslynAnalysisRunner has terminated.
Mono: successfully reloaded assembly
- Completed reload, in  0.837 seconds
Platform modules already initialized, skipping
Shader 'Universal Render Pipeline/Particles/Lit': fallback shader 'Universal Render Pipeline/Particles/SimpleLit' not found
Shader 'Universal Render Pipeline/Particles/Lit': fallback shader 'Universal Render Pipeline/Particles/SimpleLit' not found
Refreshing native plugins compatible for Editor in 0.39 ms, found 0 plugins.
Preloading 0 native plugins for Editor in 0.00 ms.
Unloading 2324 Unused Serialized files (Serialized files now loaded: 0)
System memory in use before: 250.5 MB.
System memory in use after: 248.4 MB.

Unloading 41 unused Assets to reduce memory usage. Loaded Objects now: 2907.
Total: 3.719800 ms (FindLiveObjects: 0.394500 ms CreateObjectMapping: 0.170500 ms MarkObjects: 1.869400 ms  DeleteObjects: 1.284600 ms)

========================================================================
Received Prepare
Registering precompiled user dll's ...
Registered in 0.001829 seconds.
Begin MonoManager ReloadAssembly
Symbol file LoadedFromMemory doesn't match image D:\Unity\LudumDare49\Library\PackageCache\com.unity.ext.nunit@1.0.0\net35\unity-custom\nunit.framework.dll
Native extension for WindowsStandalone target not found
Native extension for WebGL target not found
Refreshing native plugins compatible for Editor in 0.36 ms, found 0 plugins.
Preloading 0 native plugins for Editor in 0.00 ms.
Invoked RoslynAnalysisRunner static constructor.
RoslynAnalysisRunner will not be running.
RoslynAnalysisRunner has terminated.
Mono: successfully reloaded assembly
- Completed reload, in  0.882 seconds
Platform modules already initialized, skipping
Shader 'Universal Render Pipeline/Particles/Lit': fallback shader 'Universal Render Pipeline/Particles/SimpleLit' not found
Shader 'Universal Render Pipeline/Particles/Lit': fallback shader 'Universal Render Pipeline/Particles/SimpleLit' not found
Refreshing native plugins compatible for Editor in 0.37 ms, found 0 plugins.
Preloading 0 native plugins for Editor in 0.00 ms.
Unloading 2324 Unused Serialized files (Serialized files now loaded: 0)
System memory in use before: 250.5 MB.
System memory in use after: 248.4 MB.

Unloading 41 unused Assets to reduce memory usage. Loaded Objects now: 2909.
Total: 3.586800 ms (FindLiveObjects: 0.374700 ms CreateObjectMapping: 0.172100 ms MarkObjects: 1.730100 ms  DeleteObjects: 1.308800 ms)

========================================================================
Received Prepare
Registering precompiled user dll's ...
Registered in 0.001854 seconds.
Begin MonoManager ReloadAssembly
Symbol file LoadedFromMemory doesn't match image D:\Unity\LudumDare49\Library\PackageCache\com.unity.ext.nunit@1.0.0\net35\unity-custom\nunit.framework.dll
Native extension for WindowsStandalone target not found
Native extension for WebGL target not found
Refreshing native plugins compatible for Editor in 0.50 ms, found 0 plugins.
Preloading 0 native plugins for Editor in 0.00 ms.
Invoked RoslynAnalysisRunner static constructor.
RoslynAnalysisRunner will not be running.
RoslynAnalysisRunner has terminated.
Mono: successfully reloaded assembly
- Completed reload, in  0.875 seconds
Platform modules already initialized, skipping
Shader 'Universal Render Pipeline/Particles/Lit': fallback shader 'Universal Render Pipeline/Particles/SimpleLit' not found
Shader 'Universal Render Pipeline/Particles/Lit': fallback shader 'Universal Render Pipeline/Particles/SimpleLit' not found
Refreshing native plugins compatible for Editor in 0.34 ms, found 0 plugins.
Preloading 0 native plugins for Editor in 0.00 ms.
Unloading 2324 Unused Serialized files (Serialized files now loaded: 0)
System memory in use before: 250.2 MB.
System memory in use after: 248.1 MB.

Unloading 41 unused Assets to reduce memory usage. Loaded Objects now: 2911.
Total: 3.594300 ms (FindLiveObjects: 0.435400 ms CreateObjectMapping: 0.186000 ms MarkObjects: 1.703600 ms  DeleteObjects: 1.268000 ms)

========================================================================
Received Prepare
Registering precompiled user dll's ...
Registered in 0.001790 seconds.
Begin MonoManager ReloadAssembly
Symbol file LoadedFromMemory doesn't match image D:\Unity\LudumDare49\Library\PackageCache\com.unity.ext.nunit@1.0.0\net35\unity-custom\nunit.framework.dll
Native extension for WindowsStandalone target not found
Native extension for WebGL target not found
Refreshing native plugins compatible for Editor in 0.35 ms, found 0 plugins.
Preloading 0 native plugins for Editor in 0.00 ms.
Invoked RoslynAnalysisRunner static constructor.
RoslynAnalysisRunner will not be running.
RoslynAnalysisRunner has terminated.
Mono: successfully reloaded assembly
- Completed reload, in  0.934 seconds
Platform modules already initialized, skipping
Shader 'Universal Render Pipeline/Particles/Lit': fallback shader 'Universal Render Pipeline/Particles/SimpleLit' not found
Shader 'Universal Render Pipeline/Particles/Lit': fallback shader 'Universal Render Pipeline/Particles/SimpleLit' not found
Refreshing native plugins compatible for Editor in 0.40 ms, found 0 plugins.
Preloading 0 native plugins for Editor in 0.00 ms.
Unloading 2324 Unused Serialized files (Serialized files now loaded: 0)
System memory in use before: 250.5 MB.
System memory in use after: 248.4 MB.

Unloading 41 unused Assets to reduce memory usage. Loaded Objects now: 2913.
Total: 4.288700 ms (FindLiveObjects: 0.491100 ms CreateObjectMapping: 0.249600 ms MarkObjects: 2.217500 ms  DeleteObjects: 1.329400 ms)

========================================================================
Received Prepare
Registering precompiled user dll's ...
Registered in 0.002344 seconds.
Begin MonoManager ReloadAssembly
Symbol file LoadedFromMemory doesn't match image D:\Unity\LudumDare49\Library\PackageCache\com.unity.ext.nunit@1.0.0\net35\unity-custom\nunit.framework.dll
Native extension for WindowsStandalone target not found
Native extension for WebGL target not found
Refreshing native plugins compatible for Editor in 0.36 ms, found 0 plugins.
Preloading 0 native plugins for Editor in 0.00 ms.
Invoked RoslynAnalysisRunner static constructor.
RoslynAnalysisRunner will not be running.
RoslynAnalysisRunner has terminated.
Mono: successfully reloaded assembly
- Completed reload, in  0.877 seconds
Platform modules already initialized, skipping
Shader 'Universal Render Pipeline/Particles/Lit': fallback shader 'Universal Render Pipeline/Particles/SimpleLit' not found
Shader 'Universal Render Pipeline/Particles/Lit': fallback shader 'Universal Render Pipeline/Particles/SimpleLit' not found
Refreshing native plugins compatible for Editor in 0.64 ms, found 0 plugins.
Preloading 0 native plugins for Editor in 0.00 ms.
Unloading 2324 Unused Serialized files (Serialized files now loaded: 0)
System memory in use before: 250.4 MB.
System memory in use after: 248.3 MB.

Unloading 41 unused Assets to reduce memory usage. Loaded Objects now: 2915.
Total: 4.104100 ms (FindLiveObjects: 0.591600 ms CreateObjectMapping: 0.191400 ms MarkObjects: 2.023900 ms  DeleteObjects: 1.295800 ms)

========================================================================
Received Prepare
Registering precompiled user dll's ...
Registered in 0.001978 seconds.
Begin MonoManager ReloadAssembly
Symbol file LoadedFromMemory doesn't match image D:\Unity\LudumDare49\Library\PackageCache\com.unity.ext.nunit@1.0.0\net35\unity-custom\nunit.framework.dll
Native extension for WindowsStandalone target not found
Native extension for WebGL target not found
Refreshing native plugins compatible for Editor in 0.35 ms, found 0 plugins.
Preloading 0 native plugins for Editor in 0.00 ms.
Invoked RoslynAnalysisRunner static constructor.
RoslynAnalysisRunner will not be running.
RoslynAnalysisRunner has terminated.
Mono: successfully reloaded assembly
- Completed reload, in  0.832 seconds
Platform modules already initialized, skipping
Shader 'Universal Render Pipeline/Particles/Lit': fallback shader 'Universal Render Pipeline/Particles/SimpleLit' not found
Shader 'Universal Render Pipeline/Particles/Lit': fallback shader 'Universal Render Pipeline/Particles/SimpleLit' not found
Refreshing native plugins compatible for Editor in 0.35 ms, found 0 plugins.
Preloading 0 native plugins for Editor in 0.00 ms.
Unloading 2324 Unused Serialized files (Serialized files now loaded: 0)
System memory in use before: 250.5 MB.
System memory in use after: 248.5 MB.

Unloading 41 unused Assets to reduce memory usage. Loaded Objects now: 2917.
Total: 3.514300 ms (FindLiveObjects: 0.392600 ms CreateObjectMapping: 0.163800 ms MarkObjects: 1.706300 ms  DeleteObjects: 1.250900 ms)

========================================================================
Received Prepare
Registering precompiled user dll's ...
Registered in 0.002429 seconds.
Begin MonoManager ReloadAssembly
Symbol file LoadedFromMemory doesn't match image D:\Unity\LudumDare49\Library\PackageCache\com.unity.ext.nunit@1.0.0\net35\unity-custom\nunit.framework.dll
Native extension for WindowsStandalone target not found
Native extension for WebGL target not found
Refreshing native plugins compatible for Editor in 0.37 ms, found 0 plugins.
Preloading 0 native plugins for Editor in 0.00 ms.
Invoked RoslynAnalysisRunner static constructor.
RoslynAnalysisRunner will not be running.
RoslynAnalysisRunner has terminated.
Mono: successfully reloaded assembly
- Completed reload, in  0.852 seconds
Platform modules already initialized, skipping
Shader 'Universal Render Pipeline/Particles/Lit': fallback shader 'Universal Render Pipeline/Particles/SimpleLit' not found
Shader 'Universal Render Pipeline/Particles/Lit': fallback shader 'Universal Render Pipeline/Particles/SimpleLit' not found
Refreshing native plugins compatible for Editor in 0.34 ms, found 0 plugins.
Preloading 0 native plugins for Editor in 0.00 ms.
Unloading 2324 Unused Serialized files (Serialized files now loaded: 0)
System memory in use before: 250.5 MB.
System memory in use after: 248.5 MB.

Unloading 41 unused Assets to reduce memory usage. Loaded Objects now: 2919.
Total: 3.724700 ms (FindLiveObjects: 0.410500 ms CreateObjectMapping: 0.183000 ms MarkObjects: 1.810700 ms  DeleteObjects: 1.319000 ms)

========================================================================
Received Prepare
Registering precompiled user dll's ...
Registered in 0.001969 seconds.
Begin MonoManager ReloadAssembly
Symbol file LoadedFromMemory doesn't match image D:\Unity\LudumDare49\Library\PackageCache\com.unity.ext.nunit@1.0.0\net35\unity-custom\nunit.framework.dll
Native extension for WindowsStandalone target not found
Native extension for WebGL target not found
Refreshing native plugins compatible for Editor in 0.37 ms, found 0 plugins.
Preloading 0 native plugins for Editor in 0.00 ms.
Invoked RoslynAnalysisRunner static constructor.
RoslynAnalysisRunner will not be running.
RoslynAnalysisRunner has terminated.
Mono: successfully reloaded assembly
- Completed reload, in  0.840 seconds
Platform modules already initialized, skipping
Shader 'Universal Render Pipeline/Particles/Lit': fallback shader 'Universal Render Pipeline/Particles/SimpleLit' not found
Shader 'Universal Render Pipeline/Particles/Lit': fallback shader 'Universal Render Pipeline/Particles/SimpleLit' not found
Refreshing native plugins compatible for Editor in 0.34 ms, found 0 plugins.
Preloading 0 native plugins for Editor in 0.00 ms.
Unloading 2324 Unused Serialized files (Serialized files now loaded: 0)
System memory in use before: 250.2 MB.
System memory in use after: 248.1 MB.

Unloading 41 unused Assets to reduce memory usage. Loaded Objects now: 2921.
Total: 3.493900 ms (FindLiveObjects: 0.452500 ms CreateObjectMapping: 0.164300 ms MarkObjects: 1.594100 ms  DeleteObjects: 1.282000 ms)

========================================================================
Received Prepare
Registering precompiled user dll's ...
Registered in 0.001922 seconds.
Begin MonoManager ReloadAssembly
Symbol file LoadedFromMemory doesn't match image D:\Unity\LudumDare49\Library\PackageCache\com.unity.ext.nunit@1.0.0\net35\unity-custom\nunit.framework.dll
Native extension for WindowsStandalone target not found
Native extension for WebGL target not found
Refreshing native plugins compatible for Editor in 0.36 ms, found 0 plugins.
Preloading 0 native plugins for Editor in 0.00 ms.
Invoked RoslynAnalysisRunner static constructor.
RoslynAnalysisRunner will not be running.
RoslynAnalysisRunner has terminated.
Mono: successfully reloaded assembly
- Completed reload, in  0.874 seconds
Platform modules already initialized, skipping
Shader 'Universal Render Pipeline/Particles/Lit': fallback shader 'Universal Render Pipeline/Particles/SimpleLit' not found
Shader 'Universal Render Pipeline/Particles/Lit': fallback shader 'Universal Render Pipeline/Particles/SimpleLit' not found
Refreshing native plugins compatible for Editor in 0.36 ms, found 0 plugins.
Preloading 0 native plugins for Editor in 0.00 ms.
Unloading 2324 Unused Serialized files (Serialized files now loaded: 0)
System memory in use before: 250.6 MB.
System memory in use after: 248.5 MB.

Unloading 41 unused Assets to reduce memory usage. Loaded Objects now: 2923.
Total: 3.617000 ms (FindLiveObjects: 0.360000 ms CreateObjectMapping: 0.159000 ms MarkObjects: 1.797800 ms  DeleteObjects: 1.299000 ms)

========================================================================
Received Prepare
Registering precompiled user dll's ...
Registered in 0.001779 seconds.
Begin MonoManager ReloadAssembly
Symbol file LoadedFromMemory doesn't match image D:\Unity\LudumDare49\Library\PackageCache\com.unity.ext.nunit@1.0.0\net35\unity-custom\nunit.framework.dll
Native extension for WindowsStandalone target not found
Native extension for WebGL target not found
Refreshing native plugins compatible for Editor in 0.36 ms, found 0 plugins.
Preloading 0 native plugins for Editor in 0.00 ms.
Invoked RoslynAnalysisRunner static constructor.
RoslynAnalysisRunner will not be running.
RoslynAnalysisRunner has terminated.
Mono: successfully reloaded assembly
- Completed reload, in  0.865 seconds
Platform modules already initialized, skipping
Shader 'Universal Render Pipeline/Particles/Lit': fallback shader 'Universal Render Pipeline/Particles/SimpleLit' not found
Shader 'Universal Render Pipeline/Particles/Lit': fallback shader 'Universal Render Pipeline/Particles/SimpleLit' not found
Refreshing native plugins compatible for Editor in 0.35 ms, found 0 plugins.
Preloading 0 native plugins for Editor in 0.00 ms.
Unloading 2324 Unused Serialized files (Serialized files now loaded: 0)
System memory in use before: 250.4 MB.
System memory in use after: 248.3 MB.

Unloading 41 unused Assets to reduce memory usage. Loaded Objects now: 2925.
Total: 3.737900 ms (FindLiveObjects: 0.355500 ms CreateObjectMapping: 0.184900 ms MarkObjects: 1.808800 ms  DeleteObjects: 1.387700 ms)

========================================================================
Received Prepare
Registering precompiled user dll's ...
Registered in 0.001840 seconds.
Begin MonoManager ReloadAssembly
Symbol file LoadedFromMemory doesn't match image D:\Unity\LudumDare49\Library\PackageCache\com.unity.ext.nunit@1.0.0\net35\unity-custom\nunit.framework.dll
Native extension for WindowsStandalone target not found
Native extension for WebGL target not found
Refreshing native plugins compatible for Editor in 0.36 ms, found 0 plugins.
Preloading 0 native plugins for Editor in 0.00 ms.
Invoked RoslynAnalysisRunner static constructor.
RoslynAnalysisRunner will not be running.
RoslynAnalysisRunner has terminated.
Mono: successfully reloaded assembly
- Completed reload, in  0.875 seconds
Platform modules already initialized, skipping
Shader 'Universal Render Pipeline/Particles/Lit': fallback shader 'Universal Render Pipeline/Particles/SimpleLit' not found
Shader 'Universal Render Pipeline/Particles/Lit': fallback shader 'Universal Render Pipeline/Particles/SimpleLit' not found
Refreshing native plugins compatible for Editor in 0.37 ms, found 0 plugins.
Preloading 0 native plugins for Editor in 0.00 ms.
Unloading 2324 Unused Serialized files (Serialized files now loaded: 0)
System memory in use before: 250.6 MB.
System memory in use after: 248.5 MB.

Unloading 41 unused Assets to reduce memory usage. Loaded Objects now: 2927.
Total: 3.848700 ms (FindLiveObjects: 0.408600 ms CreateObjectMapping: 0.187300 ms MarkObjects: 1.874800 ms  DeleteObjects: 1.376800 ms)

========================================================================
Received Prepare
Registering precompiled user dll's ...
Registered in 0.002144 seconds.
Begin MonoManager ReloadAssembly
Symbol file LoadedFromMemory doesn't match image D:\Unity\LudumDare49\Library\PackageCache\com.unity.ext.nunit@1.0.0\net35\unity-custom\nunit.framework.dll
Native extension for WindowsStandalone target not found
Native extension for WebGL target not found
Refreshing native plugins compatible for Editor in 0.41 ms, found 0 plugins.
Preloading 0 native plugins for Editor in 0.00 ms.
Invoked RoslynAnalysisRunner static constructor.
RoslynAnalysisRunner will not be running.
RoslynAnalysisRunner has terminated.
Mono: successfully reloaded assembly
- Completed reload, in  1.211 seconds
Platform modules already initialized, skipping
Shader 'Universal Render Pipeline/Particles/Lit': fallback shader 'Universal Render Pipeline/Particles/SimpleLit' not found
Shader 'Universal Render Pipeline/Particles/Lit': fallback shader 'Universal Render Pipeline/Particles/SimpleLit' not found
Refreshing native plugins compatible for Editor in 0.36 ms, found 0 plugins.
Preloading 0 native plugins for Editor in 0.00 ms.
Unloading 2324 Unused Serialized files (Serialized files now loaded: 0)
System memory in use before: 250.6 MB.
System memory in use after: 248.5 MB.

Unloading 41 unused Assets to reduce memory usage. Loaded Objects now: 2929.
Total: 4.477000 ms (FindLiveObjects: 0.471500 ms CreateObjectMapping: 0.243300 ms MarkObjects: 2.376400 ms  DeleteObjects: 1.384000 ms)

========================================================================
Received Import Request.
  Time since last request: 24750.806985 seconds.
  path: Assets/Snake.mp3
  artifactKey: Guid(8e37d726a664fdf47bc26eeb3b1922d5) Importer(815301076,1909f56bfc062723c751e8b465ee728b)
Start importing Assets/Snake.mp3 using Guid(8e37d726a664fdf47bc26eeb3b1922d5) Importer(815301076,1909f56bfc062723c751e8b465ee728b)  -> (artifact id: '914fb25362a205db64f1f2bb288a97b4') in 0.167162 seconds 
========================================================================
Received Prepare
Registering precompiled user dll's ...
Registered in 0.001844 seconds.
Begin MonoManager ReloadAssembly
Symbol file LoadedFromMemory doesn't match image D:\Unity\LudumDare49\Library\PackageCache\com.unity.ext.nunit@1.0.0\net35\unity-custom\nunit.framework.dll
Native extension for WindowsStandalone target not found
Native extension for WebGL target not found
Refreshing native plugins compatible for Editor in 0.35 ms, found 0 plugins.
Preloading 0 native plugins for Editor in 0.00 ms.
Invoked RoslynAnalysisRunner static constructor.
RoslynAnalysisRunner will not be running.
RoslynAnalysisRunner has terminated.
Mono: successfully reloaded assembly
- Completed reload, in  0.845 seconds
Platform modules already initialized, skipping
Shader 'Universal Render Pipeline/Particles/Lit': fallback shader 'Universal Render Pipeline/Particles/SimpleLit' not found
Shader 'Universal Render Pipeline/Particles/Lit': fallback shader 'Universal Render Pipeline/Particles/SimpleLit' not found
Refreshing native plugins compatible for Editor in 0.34 ms, found 0 plugins.
Preloading 0 native plugins for Editor in 0.00 ms.
Unloading 2324 Unused Serialized files (Serialized files now loaded: 0)
System memory in use before: 250.3 MB.
System memory in use after: 248.2 MB.

Unloading 41 unused Assets to reduce memory usage. Loaded Objects now: 2934.
Total: 3.597100 ms (FindLiveObjects: 0.374500 ms CreateObjectMapping: 0.172800 ms MarkObjects: 1.780000 ms  DeleteObjects: 1.268900 ms)

========================================================================
Received Import Request.
  Time since last request: 2008.272288 seconds.
  path: Assets/Sounds/f1.mp3
  artifactKey: Guid(96f8ee1272598364f97a52f581505e8f) Importer(815301076,1909f56bfc062723c751e8b465ee728b)
Start importing Assets/Sounds/f1.mp3 using Guid(96f8ee1272598364f97a52f581505e8f) Importer(815301076,1909f56bfc062723c751e8b465ee728b)  -> (artifact id: '10e7e006d343c318190bde139133f915') in 0.059023 seconds 
========================================================================
Received Import Request.
  Time since last request: 0.009165 seconds.
  path: Assets/Sounds/right3.mp3
  artifactKey: Guid(058d6445d01190c4b978d945c62fa7d9) Importer(815301076,1909f56bfc062723c751e8b465ee728b)
Start importing Assets/Sounds/right3.mp3 using Guid(058d6445d01190c4b978d945c62fa7d9) Importer(815301076,1909f56bfc062723c751e8b465ee728b)  -> (artifact id: 'ffb3de9bb0cd33aba39b08c661db9f66') in 0.010260 seconds 
========================================================================
Received Import Request.
  Time since last request: 0.009515 seconds.
  path: Assets/Sounds/number3.mp3
  artifactKey: Guid(22d355f69cc26af4a8f7c356fdb6e2aa) Importer(815301076,1909f56bfc062723c751e8b465ee728b)
Start importing Assets/Sounds/number3.mp3 using Guid(22d355f69cc26af4a8f7c356fdb6e2aa) Importer(815301076,1909f56bfc062723c751e8b465ee728b)  -> (artifact id: '9f4345b3c0cc7ffc5c059f0f4145ee6a') in 0.015866 seconds 
========================================================================
Received Import Request.
  Time since last request: 0.010829 seconds.
  path: Assets/Sounds/number5.mp3
  artifactKey: Guid(62d0bdfb48420cb40bfdcd1c9af7fde4) Importer(815301076,1909f56bfc062723c751e8b465ee728b)
Start importing Assets/Sounds/number5.mp3 using Guid(62d0bdfb48420cb40bfdcd1c9af7fde4) Importer(815301076,1909f56bfc062723c751e8b465ee728b)  -> (artifact id: '660aaef95124c7dc6ede2f5014de6496') in 0.012993 seconds 
========================================================================
Received Import Request.
  Time since last request: 0.011369 seconds.
  path: Assets/Sounds/right7.mp3
  artifactKey: Guid(a814f72c3aa31c54ba21a1ad9b69ad1f) Importer(815301076,1909f56bfc062723c751e8b465ee728b)
Start importing Assets/Sounds/right7.mp3 using Guid(a814f72c3aa31c54ba21a1ad9b69ad1f) Importer(815301076,1909f56bfc062723c751e8b465ee728b)  -> (artifact id: '9e2d7659830bf634e60823d58982f754') in 0.011754 seconds 
========================================================================
Received Import Request.
  Time since last request: 0.011696 seconds.
  path: Assets/Sounds/left2.mp3
  artifactKey: Guid(baa22e4bb454f294da98598400d35780) Importer(815301076,1909f56bfc062723c751e8b465ee728b)
Start importing Assets/Sounds/left2.mp3 using Guid(baa22e4bb454f294da98598400d35780) Importer(815301076,1909f56bfc062723c751e8b465ee728b)  -> (artifact id: 'd348aeaa738eae3e4aea00353356f5f6') in 0.013586 seconds 
========================================================================
Received Import Request.
  Time since last request: 0.010797 seconds.
  path: Assets/Sounds/left5.mp3
  artifactKey: Guid(b967b909941916e40b24d8989561b695) Importer(815301076,1909f56bfc062723c751e8b465ee728b)
Start importing Assets/Sounds/left5.mp3 using Guid(b967b909941916e40b24d8989561b695) Importer(815301076,1909f56bfc062723c751e8b465ee728b)  -> (artifact id: '0cce6ddfba36f875dbe1b7cf8fd6bc5d') in 0.013101 seconds 
========================================================================
Received Import Request.
  Time since last request: 0.013632 seconds.
  path: Assets/Sounds/f5.mp3
  artifactKey: Guid(c175d92f9f86cf04a9e5081c43f1b715) Importer(815301076,1909f56bfc062723c751e8b465ee728b)
Start importing Assets/Sounds/f5.mp3 using Guid(c175d92f9f86cf04a9e5081c43f1b715) Importer(815301076,1909f56bfc062723c751e8b465ee728b)  -> (artifact id: '6938013b05bfe4a8fb39626cbc9da175') in 0.014027 seconds 
========================================================================
Received Import Request.
  Time since last request: 0.010251 seconds.
  path: Assets/Sounds/left3.mp3
  artifactKey: Guid(b54cb88c771d6c14e995b6f33f81f28a) Importer(815301076,1909f56bfc062723c751e8b465ee728b)
Start importing Assets/Sounds/left3.mp3 using Guid(b54cb88c771d6c14e995b6f33f81f28a) Importer(815301076,1909f56bfc062723c751e8b465ee728b)  -> (artifact id: '826211e40c4566e2ac0a05d0e02d0383') in 0.008756 seconds 
========================================================================
Received Import Request.
  Time since last request: 0.009077 seconds.
  path: Assets/Sounds/right4.mp3
  artifactKey: Guid(86f731b89bcf6454daa60549fc0d494d) Importer(815301076,1909f56bfc062723c751e8b465ee728b)
Start importing Assets/Sounds/right4.mp3 using Guid(86f731b89bcf6454daa60549fc0d494d) Importer(815301076,1909f56bfc062723c751e8b465ee728b)  -> (artifact id: '39e8b166d3deb88de6d5ed0e68c7c342') in 0.011784 seconds 
========================================================================
Received Import Request.
  Time since last request: 0.009119 seconds.
  path: Assets/Sounds/right2.mp3
  artifactKey: Guid(eb9c4ea97b950a4409530398c0933d91) Importer(815301076,1909f56bfc062723c751e8b465ee728b)
Start importing Assets/Sounds/right2.mp3 using Guid(eb9c4ea97b950a4409530398c0933d91) Importer(815301076,1909f56bfc062723c751e8b465ee728b)  -> (artifact id: '6bdc7a61173dfd01d9a5aa5fd86c6398') in 0.010176 seconds 
========================================================================
Received Import Request.
  Time since last request: 0.009263 seconds.
  path: Assets/Sounds/f3.mp3
  artifactKey: Guid(6be64b8ee24eb4142a894dc46772ab45) Importer(815301076,1909f56bfc062723c751e8b465ee728b)
Start importing Assets/Sounds/f3.mp3 using Guid(6be64b8ee24eb4142a894dc46772ab45) Importer(815301076,1909f56bfc062723c751e8b465ee728b)  -> (artifact id: '5badf8e874296c4df793b1bbc8105db5') in 0.017152 seconds 
========================================================================
Received Import Request.
  Time since last request: 0.012822 seconds.
  path: Assets/Sounds/left6.mp3
  artifactKey: Guid(790ecd98d0b812546860e7f4109af411) Importer(815301076,1909f56bfc062723c751e8b465ee728b)
Start importing Assets/Sounds/left6.mp3 using Guid(790ecd98d0b812546860e7f4109af411) Importer(815301076,1909f56bfc062723c751e8b465ee728b)  -> (artifact id: '56b517c228170634e9488d14aff8b7e4') in 0.014701 seconds 
========================================================================
Received Import Request.
  Time since last request: 0.014605 seconds.
  path: Assets/Sounds/snake.mp3
  artifactKey: Guid(f082b6dde70f0254ca539a852918294a) Importer(815301076,1909f56bfc062723c751e8b465ee728b)
Start importing Assets/Sounds/snake.mp3 using Guid(f082b6dde70f0254ca539a852918294a) Importer(815301076,1909f56bfc062723c751e8b465ee728b)  -> (artifact id: '0edfc860874b8494f588764028c2c429') in 0.013621 seconds 
========================================================================
Received Import Request.
  Time since last request: 0.009507 seconds.
  path: Assets/Sounds/radio_intro.mp3
  artifactKey: Guid(694f6cc9311726249b0fd4ffafb5c1f0) Importer(815301076,1909f56bfc062723c751e8b465ee728b)
Start importing Assets/Sounds/radio_intro.mp3 using Guid(694f6cc9311726249b0fd4ffafb5c1f0) Importer(815301076,1909f56bfc062723c751e8b465ee728b)  -> (artifact id: '36636066cc6d6c188e1e1a4c4e6893d6') in 0.009097 seconds 
========================================================================
Received Import Request.
  Time since last request: 0.009775 seconds.
  path: Assets/Sounds/f4.mp3
  artifactKey: Guid(d8db684ac40d2114f8e7f0e82d4fea7d) Importer(815301076,1909f56bfc062723c751e8b465ee728b)
Start importing Assets/Sounds/f4.mp3 using Guid(d8db684ac40d2114f8e7f0e82d4fea7d) Importer(815301076,1909f56bfc062723c751e8b465ee728b)  -> (artifact id: 'b5d175ccd7e77cebec893aa83971c3e1') in 0.009113 seconds 
========================================================================
Received Import Request.
  Time since last request: 0.009640 seconds.
  path: Assets/Sounds/right1.mp3
  artifactKey: Guid(cea2b329c29d1584a86af5ed67cc98bd) Importer(815301076,1909f56bfc062723c751e8b465ee728b)
Start importing Assets/Sounds/right1.mp3 using Guid(cea2b329c29d1584a86af5ed67cc98bd) Importer(815301076,1909f56bfc062723c751e8b465ee728b)  -> (artifact id: '571057eb960f81ee654e468fabe639c8') in 0.009340 seconds 
========================================================================
Received Import Request.
  Time since last request: 0.008846 seconds.
  path: Assets/Sounds/left1.mp3
  artifactKey: Guid(05f63e7457a698849b90c1e6d70fef30) Importer(815301076,1909f56bfc062723c751e8b465ee728b)
Start importing Assets/Sounds/left1.mp3 using Guid(05f63e7457a698849b90c1e6d70fef30) Importer(815301076,1909f56bfc062723c751e8b465ee728b)  -> (artifact id: 'bf6fba8ebf4b5bba1d4e3572589c18e0') in 0.009093 seconds 
========================================================================
Received Import Request.
  Time since last request: 0.009026 seconds.
  path: Assets/Sounds/f2.mp3
  artifactKey: Guid(a01288103242678448062ef0ad10afd5) Importer(815301076,1909f56bfc062723c751e8b465ee728b)
Start importing Assets/Sounds/f2.mp3 using Guid(a01288103242678448062ef0ad10afd5) Importer(815301076,1909f56bfc062723c751e8b465ee728b)  -> (artifact id: '0903c1991129ccc374fccc903a8af362') in 0.011232 seconds 
========================================================================
Received Import Request.
  Time since last request: 0.009282 seconds.
  path: Assets/Sounds/f6.mp3
  artifactKey: Guid(c10a6d91d96c65a4694409817696ad62) Importer(815301076,1909f56bfc062723c751e8b465ee728b)
Start importing Assets/Sounds/f6.mp3 using Guid(c10a6d91d96c65a4694409817696ad62) Importer(815301076,1909f56bfc062723c751e8b465ee728b)  -> (artifact id: '5c35414c37761ce600836485a9d1ebde') in 0.011157 seconds 
========================================================================
Received Import Request.
  Time since last request: 0.010213 seconds.
  path: Assets/Sounds/radio_intro_2.mp3
  artifactKey: Guid(11128d89e9e91a3488337e164eb60e4c) Importer(815301076,1909f56bfc062723c751e8b465ee728b)
Start importing Assets/Sounds/radio_intro_2.mp3 using Guid(11128d89e9e91a3488337e164eb60e4c) Importer(815301076,1909f56bfc062723c751e8b465ee728b)  -> (artifact id: '2ee508a8c3e177e662a8a22f0bb0f602') in 0.012117 seconds 
========================================================================
Received Import Request.
  Time since last request: 0.010197 seconds.
  path: Assets/Sounds/left4.mp3
  artifactKey: Guid(8980ea67bcd1e22489863bf614fb68c7) Importer(815301076,1909f56bfc062723c751e8b465ee728b)
Start importing Assets/Sounds/left4.mp3 using Guid(8980ea67bcd1e22489863bf614fb68c7) Importer(815301076,1909f56bfc062723c751e8b465ee728b)  -> (artifact id: '09bf43824ae2ba50cd95b987098a6fec') in 0.010712 seconds 
========================================================================
Received Import Request.
  Time since last request: 0.010969 seconds.
  path: Assets/Sounds/right5.mp3
  artifactKey: Guid(458adf194223a734f907b4c26ab3247c) Importer(815301076,1909f56bfc062723c751e8b465ee728b)
Start importing Assets/Sounds/right5.mp3 using Guid(458adf194223a734f907b4c26ab3247c) Importer(815301076,1909f56bfc062723c751e8b465ee728b)  -> (artifact id: '3b93c371114c3761496c6422549732d9') in 0.010920 seconds 
========================================================================
Received Import Request.
  Time since last request: 0.009083 seconds.
  path: Assets/Sounds/number4.mp3
  artifactKey: Guid(a6a307c494dc4c549927548e010e9b88) Importer(815301076,1909f56bfc062723c751e8b465ee728b)
Start importing Assets/Sounds/number4.mp3 using Guid(a6a307c494dc4c549927548e010e9b88) Importer(815301076,1909f56bfc062723c751e8b465ee728b)  -> (artifact id: 'f104ad865a615fa3126f450e52d31409') in 0.009334 seconds 
========================================================================
Received Import Request.
  Time since last request: 0.008842 seconds.
  path: Assets/Sounds/number1.mp3
  artifactKey: Guid(c04c4bef192e84a47acd05f5a2f1cb11) Importer(815301076,1909f56bfc062723c751e8b465ee728b)
Start importing Assets/Sounds/number1.mp3 using Guid(c04c4bef192e84a47acd05f5a2f1cb11) Importer(815301076,1909f56bfc062723c751e8b465ee728b)  -> (artifact id: '2edbf043817eabc72b21b205ff94d2a7') in 0.009140 seconds 
========================================================================
Received Import Request.
  Time since last request: 0.009248 seconds.
  path: Assets/Sounds/number2.mp3
  artifactKey: Guid(f7ff01a76f2d566428f41511b9724220) Importer(815301076,1909f56bfc062723c751e8b465ee728b)
Start importing Assets/Sounds/number2.mp3 using Guid(f7ff01a76f2d566428f41511b9724220) Importer(815301076,1909f56bfc062723c751e8b465ee728b)  -> (artifact id: '03fefffc05154c8f265cabe2971b047a') in 0.008936 seconds 
========================================================================
Received Prepare
Registering precompiled user dll's ...
Registered in 0.001853 seconds.
Begin MonoManager ReloadAssembly
Symbol file LoadedFromMemory doesn't match image D:\Unity\LudumDare49\Library\PackageCache\com.unity.ext.nunit@1.0.0\net35\unity-custom\nunit.framework.dll
Native extension for WindowsStandalone target not found
Native extension for WebGL target not found
Refreshing native plugins compatible for Editor in 0.37 ms, found 0 plugins.
Preloading 0 native plugins for Editor in 0.00 ms.
Invoked RoslynAnalysisRunner static constructor.
RoslynAnalysisRunner will not be running.
RoslynAnalysisRunner has terminated.
Mono: successfully reloaded assembly
- Completed reload, in  0.918 seconds
Platform modules already initialized, skipping
Shader 'Universal Render Pipeline/Particles/Lit': fallback shader 'Universal Render Pipeline/Particles/SimpleLit' not found
Shader 'Universal Render Pipeline/Particles/Lit': fallback shader 'Universal Render Pipeline/Particles/SimpleLit' not found
Refreshing native plugins compatible for Editor in 0.34 ms, found 0 plugins.
Preloading 0 native plugins for Editor in 0.00 ms.
Unloading 2324 Unused Serialized files (Serialized files now loaded: 0)
System memory in use before: 250.7 MB.
System memory in use after: 248.6 MB.

Unloading 41 unused Assets to reduce memory usage. Loaded Objects now: 2937.
Total: 3.465200 ms (FindLiveObjects: 0.363600 ms CreateObjectMapping: 0.177500 ms MarkObjects: 1.628500 ms  DeleteObjects: 1.294500 ms)

========================================================================
Received Prepare
Registering precompiled user dll's ...
Registered in 0.001810 seconds.
Begin MonoManager ReloadAssembly
Symbol file LoadedFromMemory doesn't match image D:\Unity\LudumDare49\Library\PackageCache\com.unity.ext.nunit@1.0.0\net35\unity-custom\nunit.framework.dll
Native extension for WindowsStandalone target not found
Native extension for WebGL target not found
Refreshing native plugins compatible for Editor in 0.35 ms, found 0 plugins.
Preloading 0 native plugins for Editor in 0.00 ms.
Invoked RoslynAnalysisRunner static constructor.
RoslynAnalysisRunner will not be running.
RoslynAnalysisRunner has terminated.
Mono: successfully reloaded assembly
- Completed reload, in  0.888 seconds
Platform modules already initialized, skipping
Shader 'Universal Render Pipeline/Particles/Lit': fallback shader 'Universal Render Pipeline/Particles/SimpleLit' not found
Shader 'Universal Render Pipeline/Particles/Lit': fallback shader 'Universal Render Pipeline/Particles/SimpleLit' not found
Refreshing native plugins compatible for Editor in 0.35 ms, found 0 plugins.
Preloading 0 native plugins for Editor in 0.00 ms.
Unloading 2324 Unused Serialized files (Serialized files now loaded: 0)
System memory in use before: 250.5 MB.
System memory in use after: 248.4 MB.

Unloading 41 unused Assets to reduce memory usage. Loaded Objects now: 2939.
Total: 3.954300 ms (FindLiveObjects: 0.473500 ms CreateObjectMapping: 0.218400 ms MarkObjects: 1.911200 ms  DeleteObjects: 1.350300 ms)

========================================================================
Received Prepare
Registering precompiled user dll's ...
Registered in 0.001887 seconds.
Begin MonoManager ReloadAssembly
Symbol file LoadedFromMemory doesn't match image D:\Unity\LudumDare49\Library\PackageCache\com.unity.ext.nunit@1.0.0\net35\unity-custom\nunit.framework.dll
Native extension for WindowsStandalone target not found
Native extension for WebGL target not found
Refreshing native plugins compatible for Editor in 0.36 ms, found 0 plugins.
Preloading 0 native plugins for Editor in 0.00 ms.
Invoked RoslynAnalysisRunner static constructor.
RoslynAnalysisRunner will not be running.
RoslynAnalysisRunner has terminated.
Mono: successfully reloaded assembly
- Completed reload, in  0.927 seconds
Platform modules already initialized, skipping
Shader 'Universal Render Pipeline/Particles/Lit': fallback shader 'Universal Render Pipeline/Particles/SimpleLit' not found
Shader 'Universal Render Pipeline/Particles/Lit': fallback shader 'Universal Render Pipeline/Particles/SimpleLit' not found
Refreshing native plugins compatible for Editor in 0.36 ms, found 0 plugins.
Preloading 0 native plugins for Editor in 0.00 ms.
Unloading 2324 Unused Serialized files (Serialized files now loaded: 0)
System memory in use before: 250.7 MB.
System memory in use after: 248.6 MB.

Unloading 41 unused Assets to reduce memory usage. Loaded Objects now: 2941.
Total: 3.593100 ms (FindLiveObjects: 0.415000 ms CreateObjectMapping: 0.178200 ms MarkObjects: 1.715600 ms  DeleteObjects: 1.282700 ms)

========================================================================
Received Prepare
Registering precompiled user dll's ...
Registered in 0.002418 seconds.
Begin MonoManager ReloadAssembly
Symbol file LoadedFromMemory doesn't match image D:\Unity\LudumDare49\Library\PackageCache\com.unity.ext.nunit@1.0.0\net35\unity-custom\nunit.framework.dll
Native extension for WindowsStandalone target not found
Native extension for WebGL target not found
Refreshing native plugins compatible for Editor in 0.39 ms, found 0 plugins.
Preloading 0 native plugins for Editor in 0.00 ms.
Invoked RoslynAnalysisRunner static constructor.
RoslynAnalysisRunner will not be running.
RoslynAnalysisRunner has terminated.
Mono: successfully reloaded assembly
- Completed reload, in  1.329 seconds
Platform modules already initialized, skipping
Shader 'Universal Render Pipeline/Particles/Lit': fallback shader 'Universal Render Pipeline/Particles/SimpleLit' not found
Shader 'Universal Render Pipeline/Particles/Lit': fallback shader 'Universal Render Pipeline/Particles/SimpleLit' not found
Refreshing native plugins compatible for Editor in 0.42 ms, found 0 plugins.
Preloading 0 native plugins for Editor in 0.00 ms.
Unloading 2324 Unused Serialized files (Serialized files now loaded: 0)
System memory in use before: 250.7 MB.
System memory in use after: 248.6 MB.

Unloading 41 unused Assets to reduce memory usage. Loaded Objects now: 2943.
Total: 5.013500 ms (FindLiveObjects: 0.632100 ms CreateObjectMapping: 0.233200 ms MarkObjects: 2.630900 ms  DeleteObjects: 1.492300 ms)

========================================================================
Received Prepare
Registering precompiled user dll's ...
Registered in 0.002700 seconds.
Begin MonoManager ReloadAssembly
Symbol file LoadedFromMemory doesn't match image D:\Unity\LudumDare49\Library\PackageCache\com.unity.ext.nunit@1.0.0\net35\unity-custom\nunit.framework.dll
Native extension for WindowsStandalone target not found
Native extension for WebGL target not found
Refreshing native plugins compatible for Editor in 0.36 ms, found 0 plugins.
Preloading 0 native plugins for Editor in 0.00 ms.
Invoked RoslynAnalysisRunner static constructor.
RoslynAnalysisRunner will not be running.
RoslynAnalysisRunner has terminated.
Mono: successfully reloaded assembly
- Completed reload, in  0.856 seconds
Platform modules already initialized, skipping
Shader 'Universal Render Pipeline/Particles/Lit': fallback shader 'Universal Render Pipeline/Particles/SimpleLit' not found
Shader 'Universal Render Pipeline/Particles/Lit': fallback shader 'Universal Render Pipeline/Particles/SimpleLit' not found
Refreshing native plugins compatible for Editor in 0.35 ms, found 0 plugins.
Preloading 0 native plugins for Editor in 0.00 ms.
Unloading 2324 Unused Serialized files (Serialized files now loaded: 0)
System memory in use before: 250.7 MB.
System memory in use after: 248.6 MB.

Unloading 41 unused Assets to reduce memory usage. Loaded Objects now: 2945.
Total: 3.704600 ms (FindLiveObjects: 0.417600 ms CreateObjectMapping: 0.209400 ms MarkObjects: 1.692300 ms  DeleteObjects: 1.384400 ms)

========================================================================
Received Prepare
Registering precompiled user dll's ...
Registered in 0.001998 seconds.
Begin MonoManager ReloadAssembly
Symbol file LoadedFromMemory doesn't match image D:\Unity\LudumDare49\Library\PackageCache\com.unity.ext.nunit@1.0.0\net35\unity-custom\nunit.framework.dll
Native extension for WindowsStandalone target not found
Native extension for WebGL target not found
Refreshing native plugins compatible for Editor in 0.36 ms, found 0 plugins.
Preloading 0 native plugins for Editor in 0.00 ms.
Invoked RoslynAnalysisRunner static constructor.
RoslynAnalysisRunner will not be running.
RoslynAnalysisRunner has terminated.
Mono: successfully reloaded assembly
- Completed reload, in  0.875 seconds
Platform modules already initialized, skipping
Shader 'Universal Render Pipeline/Particles/Lit': fallback shader 'Universal Render Pipeline/Particles/SimpleLit' not found
Shader 'Universal Render Pipeline/Particles/Lit': fallback shader 'Universal Render Pipeline/Particles/SimpleLit' not found
Refreshing native plugins compatible for Editor in 0.59 ms, found 0 plugins.
Preloading 0 native plugins for Editor in 0.00 ms.
Unloading 2324 Unused Serialized files (Serialized files now loaded: 0)
System memory in use before: 250.7 MB.
System memory in use after: 248.6 MB.

Unloading 41 unused Assets to reduce memory usage. Loaded Objects now: 2947.
Total: 3.811400 ms (FindLiveObjects: 0.444800 ms CreateObjectMapping: 0.204800 ms MarkObjects: 1.787600 ms  DeleteObjects: 1.372800 ms)

========================================================================
Received Prepare
Registering precompiled user dll's ...
Registered in 0.001833 seconds.
Begin MonoManager ReloadAssembly
Symbol file LoadedFromMemory doesn't match image D:\Unity\LudumDare49\Library\PackageCache\com.unity.ext.nunit@1.0.0\net35\unity-custom\nunit.framework.dll
Native extension for WindowsStandalone target not found
Native extension for WebGL target not found
Refreshing native plugins compatible for Editor in 0.48 ms, found 0 plugins.
Preloading 0 native plugins for Editor in 0.00 ms.
Invoked RoslynAnalysisRunner static constructor.
RoslynAnalysisRunner will not be running.
RoslynAnalysisRunner has terminated.
Mono: successfully reloaded assembly
- Completed reload, in  0.856 seconds
Platform modules already initialized, skipping
Shader 'Universal Render Pipeline/Particles/Lit': fallback shader 'Universal Render Pipeline/Particles/SimpleLit' not found
Shader 'Universal Render Pipeline/Particles/Lit': fallback shader 'Universal Render Pipeline/Particles/SimpleLit' not found
Refreshing native plugins compatible for Editor in 0.37 ms, found 0 plugins.
Preloading 0 native plugins for Editor in 0.00 ms.
Unloading 2324 Unused Serialized files (Serialized files now loaded: 0)
System memory in use before: 250.5 MB.
System memory in use after: 248.4 MB.

Unloading 41 unused Assets to reduce memory usage. Loaded Objects now: 2949.
Total: 3.983400 ms (FindLiveObjects: 0.596900 ms CreateObjectMapping: 0.240800 ms MarkObjects: 1.831700 ms  DeleteObjects: 1.312200 ms)

========================================================================
Received Prepare
Registering precompiled user dll's ...
Registered in 0.002058 seconds.
Begin MonoManager ReloadAssembly
Symbol file LoadedFromMemory doesn't match image D:\Unity\LudumDare49\Library\PackageCache\com.unity.ext.nunit@1.0.0\net35\unity-custom\nunit.framework.dll
Native extension for WindowsStandalone target not found
Native extension for WebGL target not found
Refreshing native plugins compatible for Editor in 0.43 ms, found 0 plugins.
Preloading 0 native plugins for Editor in 0.00 ms.
Invoked RoslynAnalysisRunner static constructor.
RoslynAnalysisRunner will not be running.
RoslynAnalysisRunner has terminated.
Mono: successfully reloaded assembly
- Completed reload, in  0.999 seconds
Platform modules already initialized, skipping
Shader 'Universal Render Pipeline/Particles/Lit': fallback shader 'Universal Render Pipeline/Particles/SimpleLit' not found
Shader 'Universal Render Pipeline/Particles/Lit': fallback shader 'Universal Render Pipeline/Particles/SimpleLit' not found
Refreshing native plugins compatible for Editor in 0.36 ms, found 0 plugins.
Preloading 0 native plugins for Editor in 0.00 ms.
Unloading 2324 Unused Serialized files (Serialized files now loaded: 0)
System memory in use before: 250.7 MB.
System memory in use after: 248.6 MB.

Unloading 41 unused Assets to reduce memory usage. Loaded Objects now: 2951.
Total: 4.290100 ms (FindLiveObjects: 0.630300 ms CreateObjectMapping: 0.262900 ms MarkObjects: 2.088800 ms  DeleteObjects: 1.306500 ms)

AssetImportWorkerClient::OnTransportError - code=2 error=End of file
